[ 2016-12-30T16:50:58+08:00 ] ::1 /thinkphp_3.2.3_full/ueditor.all.min.js
INFO: [ app_init ] --START--
INFO: Run Behavior\BuildLiteBehavior [ RunTime:0.000021s ]
INFO: [ app_init ] --END-- [ RunTime:0.000685s ]
ERR: 无法加载模块:Ueditor.all.min

[ 2016-12-30T16:50:58+08:00 ] ::1 /thinkphp_3.2.3_full/ueditor.config.js
INFO: [ app_init ] --START--
INFO: Run Behavior\BuildLiteBehavior [ RunTime:0.000014s ]
INFO: [ app_init ] --END-- [ RunTime:0.000508s ]
ERR: 无法加载模块:Ueditor.config

[ 2016-12-30T16:50:58+08:00 ] ::1 /thinkphp_3.2.3_full/ueditor.all.min.js
INFO: [ app_init ] --START--
INFO: Run Behavior\BuildLiteBehavior [ RunTime:0.000013s ]
INFO: [ app_init ] --END-- [ RunTime:0.000495s ]
ERR: 无法加载模块:Ueditor.all.min

[ 2016-12-30T16:51:59+08:00 ] ::1 /thinkphp_3.2.3_full/ueditor.config.js
INFO: [ app_init ] --START--
INFO: Run Behavior\BuildLiteBehavior [ RunTime:0.000013s ]
INFO: [ app_init ] --END-- [ RunTime:0.000491s ]
ERR: 无法加载模块:Ueditor.config

[ 2016-12-30T16:51:59+08:00 ] ::1 /thinkphp_3.2.3_full/ueditor.all.min.js
INFO: [ app_init ] --START--
INFO: Run Behavior\BuildLiteBehavior [ RunTime:0.000019s ]
INFO: [ app_init ] --END-- [ RunTime:0.000767s ]
ERR: 无法加载模块:Ueditor.all.min

[ 2016-12-30T16:52:01+08:00 ] ::1 /thinkphp_3.2.3_full/ueditor.all.min.js
INFO: [ app_init ] --START--
INFO: Run Behavior\BuildLiteBehavior [ RunTime:0.000014s ]
INFO: [ app_init ] --END-- [ RunTime:0.000468s ]
ERR: 无法加载模块:Ueditor.all.min

[ 2016-12-30T16:52:01+08:00 ] ::1 /thinkphp_3.2.3_full/ueditor.config.js
INFO: [ app_init ] --START--
INFO: Run Behavior\BuildLiteBehavior [ RunTime:0.000019s ]
INFO: [ app_init ] --END-- [ RunTime:0.000580s ]
ERR: 无法加载模块:Ueditor.config

[ 2016-12-30T16:52:01+08:00 ] ::1 /thinkphp_3.2.3_full/ueditor.all.min.js
INFO: [ app_init ] --START--
INFO: Run Behavior\BuildLiteBehavior [ RunTime:0.000021s ]
INFO: [ app_init ] --END-- [ RunTime:0.000865s ]
ERR: 无法加载模块:Ueditor.all.min

[ 2016-12-30T16:52:24+08:00 ] ::1 /thinkphp_3.2.3_full/ueditor.all.min.js
INFO: [ app_init ] --START--
INFO: Run Behavior\BuildLiteBehavior [ RunTime:0.000021s ]
INFO: [ app_init ] --END-- [ RunTime:0.000498s ]
ERR: 无法加载模块:Ueditor.all.min

[ 2016-12-30T16:52:24+08:00 ] ::1 /thinkphp_3.2.3_full/ueditor.config.js
INFO: [ app_init ] --START--
INFO: Run Behavior\BuildLiteBehavior [ RunTime:0.000016s ]
INFO: [ app_init ] --END-- [ RunTime:0.000654s ]
ERR: 无法加载模块:Ueditor.config

[ 2016-12-30T16:52:24+08:00 ] ::1 /thinkphp_3.2.3_full/ueditor.all.min.js
INFO: [ app_init ] --START--
INFO: Run Behavior\BuildLiteBehavior [ RunTime:0.000016s ]
INFO: [ app_init ] --END-- [ RunTime:0.000763s ]
ERR: 无法加载模块:Ueditor.all.min

[ 2016-12-30T16:52:25+08:00 ] ::1 /thinkphp_3.2.3_full/ueditor.config.js
INFO: [ app_init ] --START--
INFO: Run Behavior\BuildLiteBehavior [ RunTime:0.000014s ]
INFO: [ app_init ] --END-- [ RunTime:0.000499s ]
ERR: 无法加载模块:Ueditor.config

[ 2016-12-30T16:52:25+08:00 ] ::1 /thinkphp_3.2.3_full/ueditor.all.min.js
INFO: [ app_init ] --START--
INFO: Run Behavior\BuildLiteBehavior [ RunTime:0.000019s ]
INFO: [ app_init ] --END-- [ RunTime:0.000534s ]
ERR: 无法加载模块:Ueditor.all.min

[ 2016-12-30T16:52:37+08:00 ] ::1 /thinkphp_3.2.3_full/ueditor.all.min.js
INFO: [ app_init ] --START--
INFO: Run Behavior\BuildLiteBehavior [ RunTime:0.000016s ]
INFO: [ app_init ] --END-- [ RunTime:0.000497s ]
ERR: 无法加载模块:Ueditor.all.min

[ 2016-12-30T16:52:38+08:00 ] ::1 /thinkphp_3.2.3_full/ueditor.config.js
INFO: [ app_init ] --START--
INFO: Run Behavior\BuildLiteBehavior [ RunTime:0.000016s ]
INFO: [ app_init ] --END-- [ RunTime:0.000529s ]
ERR: 无法加载模块:Ueditor.config

[ 2016-12-30T16:52:38+08:00 ] ::1 /thinkphp_3.2.3_full/ueditor.all.min.js
INFO: [ app_init ] --START--
INFO: Run Behavior\BuildLiteBehavior [ RunTime:0.000012s ]
INFO: [ app_init ] --END-- [ RunTime:0.000489s ]
ERR: 无法加载模块:Ueditor.all.min

[ 2016-12-30T16:52:59+08:00 ] ::1 /thinkphp_3.2.3_full/ueditor.all.min.js
INFO: [ app_init ] --START--
INFO: Run Behavior\BuildLiteBehavior [ RunTime:0.000017s ]
INFO: [ app_init ] --END-- [ RunTime:0.000531s ]
ERR: 无法加载模块:Ueditor.all.min

[ 2016-12-30T16:52:59+08:00 ] ::1 /thinkphp_3.2.3_full/ueditor.config.js
INFO: [ app_init ] --START--
INFO: Run Behavior\BuildLiteBehavior [ RunTime:0.000016s ]
INFO: [ app_init ] --END-- [ RunTime:0.000741s ]
ERR: 无法加载模块:Ueditor.config

[ 2016-12-30T16:52:59+08:00 ] ::1 /thinkphp_3.2.3_full/ueditor.all.min.js
INFO: [ app_init ] --START--
INFO: Run Behavior\BuildLiteBehavior [ RunTime:0.000016s ]
INFO: [ app_init ] --END-- [ RunTime:0.000567s ]
ERR: 无法加载模块:Ueditor.all.min

[ 2016-12-30T16:53:13+08:00 ] ::1 /thinkphp_3.2.3_full/ueditor.config.js
INFO: [ app_init ] --START--
INFO: Run Behavior\BuildLiteBehavior [ RunTime:0.000026s ]
INFO: [ app_init ] --END-- [ RunTime:0.000796s ]
ERR: 无法加载模块:Ueditor.config

[ 2016-12-30T16:53:13+08:00 ] ::1 /thinkphp_3.2.3_full/ueditor.all.min.js
INFO: [ app_init ] --START--
INFO: Run Behavior\BuildLiteBehavior [ RunTime:0.000020s ]
INFO: [ app_init ] --END-- [ RunTime:0.000605s ]
ERR: 无法加载模块:Ueditor.all.min

[ 2016-12-30T16:53:13+08:00 ] ::1 /thinkphp_3.2.3_full/ueditor.config.js
INFO: [ app_init ] --START--
INFO: Run Behavior\BuildLiteBehavior [ RunTime:0.000020s ]
INFO: [ app_init ] --END-- [ RunTime:0.000494s ]
ERR: 无法加载模块:Ueditor.config

[ 2016-12-30T16:53:13+08:00 ] ::1 /thinkphp_3.2.3_full/ueditor.all.min.js
INFO: [ app_init ] --START--
INFO: Run Behavior\BuildLiteBehavior [ RunTime:0.000015s ]
INFO: [ app_init ] --END-- [ RunTime:0.000511s ]
ERR: 无法加载模块:Ueditor.all.min

[ 2016-12-30T16:53:16+08:00 ] ::1 /thinkphp_3.2.3_full/ueditor.all.min.js
INFO: [ app_init ] --START--
INFO: Run Behavior\BuildLiteBehavior [ RunTime:0.000016s ]
INFO: [ app_init ] --END-- [ RunTime:0.000506s ]
ERR: 无法加载模块:Ueditor.all.min

[ 2016-12-30T16:53:35+08:00 ] ::1 /thinkphp_3.2.3_full/ueditor.config.js
INFO: [ app_init ] --START--
INFO: Run Behavior\BuildLiteBehavior [ RunTime:0.000022s ]
INFO: [ app_init ] --END-- [ RunTime:0.000654s ]
ERR: 无法加载模块:Ueditor.config

[ 2016-12-30T16:53:35+08:00 ] ::1 /thinkphp_3.2.3_full/ueditor.all.min.js
INFO: [ app_init ] --START--
INFO: Run Behavior\BuildLiteBehavior [ RunTime:0.000022s ]
INFO: [ app_init ] --END-- [ RunTime:0.000648s ]
ERR: 无法加载模块:Ueditor.all.min

[ 2016-12-30T17:00:21+08:00 ] ::1 /thinkphp_3.2.3_full/ueditor.config.js
INFO: [ app_init ] --START--
INFO: Run Behavior\BuildLiteBehavior [ RunTime:0.000016s ]
INFO: [ app_init ] --END-- [ RunTime:0.000712s ]
ERR: 无法加载模块:Ueditor.config

[ 2016-12-30T17:00:21+08:00 ] ::1 /thinkphp_3.2.3_full/ueditor.all.min.js
INFO: [ app_init ] --START--
INFO: Run Behavior\BuildLiteBehavior [ RunTime:0.000014s ]
INFO: [ app_init ] --END-- [ RunTime:0.000509s ]
ERR: 无法加载模块:Ueditor.all.min

[ 2016-12-30T17:00:22+08:00 ] ::1 /thinkphp_3.2.3_full/ueditor.all.min.js
INFO: [ app_init ] --START--
INFO: Run Behavior\BuildLiteBehavior [ RunTime:0.000022s ]
INFO: [ app_init ] --END-- [ RunTime:0.000902s ]
ERR: 无法加载模块:Ueditor.all.min

[ 2016-12-30T17:00:22+08:00 ] ::1 /thinkphp_3.2.3_full/ueditor.config.js
INFO: [ app_init ] --START--
INFO: Run Behavior\BuildLiteBehavior [ RunTime:0.000019s ]
INFO: [ app_init ] --END-- [ RunTime:0.000583s ]
ERR: 无法加载模块:Ueditor.config

[ 2016-12-30T17:00:22+08:00 ] ::1 /thinkphp_3.2.3_full/ueditor.all.min.js
INFO: [ app_init ] --START--
INFO: Run Behavior\BuildLiteBehavior [ RunTime:0.000012s ]
INFO: [ app_init ] --END-- [ RunTime:0.000438s ]
ERR: 无法加载模块:Ueditor.all.min

[ 2016-12-30T17:02:34+08:00 ] ::1 /thinkphp_3.2.3_full/ueditor.all.min.js
INFO: [ app_init ] --START--
INFO: Run Behavior\BuildLiteBehavior [ RunTime:0.000016s ]
INFO: [ app_init ] --END-- [ RunTime:0.000540s ]
ERR: 无法加载模块:Ueditor.all.min

[ 2016-12-30T17:02:34+08:00 ] ::1 /thinkphp_3.2.3_full/ueditor.config.js
INFO: [ app_init ] --START--
INFO: Run Behavior\BuildLiteBehavior [ RunTime:0.000012s ]
INFO: [ app_init ] --END-- [ RunTime:0.000511s ]
ERR: 无法加载模块:Ueditor.config

[ 2016-12-30T17:02:34+08:00 ] ::1 /thinkphp_3.2.3_full/ueditor.all.min.js
INFO: [ app_init ] --START--
INFO: Run Behavior\BuildLiteBehavior [ RunTime:0.000058s ]
INFO: [ app_init ] --END-- [ RunTime:0.000977s ]
ERR: 无法加载模块:Ueditor.all.min

[ 2016-12-30T17:02:35+08:00 ] ::1 /thinkphp_3.2.3_full/ueditor.config.js
INFO: [ app_init ] --START--
INFO: Run Behavior\BuildLiteBehavior [ RunTime:0.000014s ]
INFO: [ app_init ] --END-- [ RunTime:0.000482s ]
ERR: 无法加载模块:Ueditor.config

[ 2016-12-30T17:02:35+08:00 ] ::1 /thinkphp_3.2.3_full/ueditor.all.min.js
INFO: [ app_init ] --START--
INFO: Run Behavior\BuildLiteBehavior [ RunTime:0.000014s ]
INFO: [ app_init ] --END-- [ RunTime:0.000457s ]
ERR: 无法加载模块:Ueditor.all.min

[ 2016-12-30T17:06:30+08:00 ] ::1 /thinkphp_3.2.3_full/ueditor.config.js
INFO: [ app_init ] --START--
INFO: Run Behavior\BuildLiteBehavior [ RunTime:0.000013s ]
INFO: [ app_init ] --END-- [ RunTime:0.000497s ]
ERR: 无法加载模块:Ueditor.config

[ 2016-12-30T17:06:30+08:00 ] ::1 /thinkphp_3.2.3_full/ueditor.all.min.js
INFO: [ app_init ] --START--
INFO: Run Behavior\BuildLiteBehavior [ RunTime:0.000013s ]
INFO: [ app_init ] --END-- [ RunTime:0.000492s ]
ERR: 无法加载模块:Ueditor.all.min

[ 2016-12-30T17:06:40+08:00 ] ::1 /thinkphp_3.2.3_full/ueditor.config.js
INFO: [ app_init ] --START--
INFO: Run Behavior\BuildLiteBehavior [ RunTime:0.000022s ]
INFO: [ app_init ] --END-- [ RunTime:0.000651s ]
ERR: 无法加载模块:Ueditor.config

[ 2016-12-30T17:06:40+08:00 ] ::1 /thinkphp_3.2.3_full/ueditor.all.min.js
INFO: [ app_init ] --START--
INFO: Run Behavior\BuildLiteBehavior [ RunTime:0.000021s ]
INFO: [ app_init ] --END-- [ RunTime:0.000631s ]
ERR: 无法加载模块:Ueditor.all.min

[ 2016-12-30T17:18:55+08:00 ] ::1 /thinkphp_3.2.3_full/ueditor.all.min.js
INFO: [ app_init ] --START--
INFO: Run Behavior\BuildLiteBehavior [ RunTime:0.000015s ]
INFO: [ app_init ] --END-- [ RunTime:0.000571s ]
ERR: 无法加载模块:Ueditor.all.min

[ 2016-12-30T17:18:55+08:00 ] ::1 /thinkphp_3.2.3_full/ueditor.config.js
INFO: [ app_init ] --START--
INFO: Run Behavior\BuildLiteBehavior [ RunTime:0.000013s ]
INFO: [ app_init ] --END-- [ RunTime:0.000540s ]
ERR: 无法加载模块:Ueditor.config

[ 2016-12-30T17:18:55+08:00 ] ::1 /thinkphp_3.2.3_full/ueditor.all.min.js
INFO: [ app_init ] --START--
INFO: Run Behavior\BuildLiteBehavior [ RunTime:0.000017s ]
INFO: [ app_init ] --END-- [ RunTime:0.000641s ]
ERR: 无法加载模块:Ueditor.all.min

[ 2016-12-30T17:18:55+08:00 ] ::1 /thinkphp_3.2.3_full/ueditor.config.js
INFO: [ app_init ] --START--
INFO: Run Behavior\BuildLiteBehavior [ RunTime:0.000014s ]
INFO: [ app_init ] --END-- [ RunTime:0.000504s ]
ERR: 无法加载模块:Ueditor.config

[ 2016-12-30T17:18:55+08:00 ] ::1 /thinkphp_3.2.3_full/ueditor.all.min.js
INFO: [ app_init ] --START--
INFO: Run Behavior\BuildLiteBehavior [ RunTime:0.000013s ]
INFO: [ app_init ] --END-- [ RunTime:0.000476s ]
ERR: 无法加载模块:Ueditor.all.min

[ 2016-12-30T17:36:38+08:00 ] ::1 /thinkphp_3.2.3_full/ueditor.config.js
INFO: [ app_init ] --START--
INFO: Run Behavior\BuildLiteBehavior [ RunTime:0.000015s ]
INFO: [ app_init ] --END-- [ RunTime:0.000543s ]
ERR: 无法加载模块:Ueditor.config

[ 2016-12-30T17:36:38+08:00 ] ::1 /thinkphp_3.2.3_full/ueditor.all.min.js
INFO: [ app_init ] --START--
INFO: Run Behavior\BuildLiteBehavior [ RunTime:0.000013s ]
INFO: [ app_init ] --END-- [ RunTime:0.000499s ]
ERR: 无法加载模块:Ueditor.all.min

[ 2016-12-30T17:36:39+08:00 ] ::1 /thinkphp_3.2.3_full/ueditor.config.js
INFO: [ app_init ] --START--
INFO: Run Behavior\BuildLiteBehavior [ RunTime:0.000028s ]
INFO: [ app_init ] --END-- [ RunTime:0.000482s ]
ERR: 无法加载模块:Ueditor.config

[ 2016-12-30T17:36:39+08:00 ] ::1 /thinkphp_3.2.3_full/ueditor.all.min.js
INFO: [ app_init ] --START--
INFO: Run Behavior\BuildLiteBehavior [ RunTime:0.000026s ]
INFO: [ app_init ] --END-- [ RunTime:0.000768s ]
ERR: 无法加载模块:Ueditor.all.min

[ 2016-12-30T20:44:34+08:00 ] ::1 /thinkphp_3.2.3_full/Public/libs/dropify/dropify.min.css
INFO: [ app_init ] --START--
INFO: Run Behavior\BuildLiteBehavior [ RunTime:0.000024s ]
INFO: [ app_init ] --END-- [ RunTime:0.000706s ]
ERR: 无法加载模块:Public

[ 2016-12-30T20:44:34+08:00 ] ::1 /thinkphp_3.2.3_full/Public/libs/dropify/dropify.min.js
INFO: [ app_init ] --START--
INFO: Run Behavior\BuildLiteBehavior [ RunTime:0.000025s ]
INFO: [ app_init ] --END-- [ RunTime:0.000722s ]
ERR: 无法加载模块:Public

[ 2016-12-30T20:44:40+08:00 ] ::1 /thinkphp_3.2.3_full/Public/libs/dropify/dropify.min.js
INFO: [ app_init ] --START--
INFO: Run Behavior\BuildLiteBehavior [ RunTime:0.000012s ]
INFO: [ app_init ] --END-- [ RunTime:0.000498s ]
ERR: 无法加载模块:Public

[ 2016-12-30T20:44:40+08:00 ] ::1 /thinkphp_3.2.3_full/Public/libs/dropify/dropify.min.css
INFO: [ app_init ] --START--
INFO: Run Behavior\BuildLiteBehavior [ RunTime:0.000021s ]
INFO: [ app_init ] --END-- [ RunTime:0.000734s ]
ERR: 无法加载模块:Public

[ 2016-12-30T20:45:22+08:00 ] ::1 /thinkphp_3.2.3_full/Public/libs/dropify/dropify.min.css
INFO: [ app_init ] --START--
INFO: Run Behavior\BuildLiteBehavior [ RunTime:0.000025s ]
INFO: [ app_init ] --END-- [ RunTime:0.000785s ]
ERR: 无法加载模块:Public

[ 2016-12-30T20:45:22+08:00 ] ::1 /thinkphp_3.2.3_full/Public/libs/dropify/dropify.min.js
INFO: [ app_init ] --START--
INFO: Run Behavior\BuildLiteBehavior [ RunTime:0.000032s ]
INFO: [ app_init ] --END-- [ RunTime:0.000935s ]
ERR: 无法加载模块:Public

[ 2016-12-30T20:48:06+08:00 ] ::1 /thinkphp_3.2.3_full/Public/libs/dropify/dropify.min.js
INFO: [ app_init ] --START--
INFO: Run Behavior\BuildLiteBehavior [ RunTime:0.000016s ]
INFO: [ app_init ] --END-- [ RunTime:0.000784s ]
ERR: 无法加载模块:Public

[ 2016-12-30T20:48:06+08:00 ] ::1 /thinkphp_3.2.3_full/Public/libs/dropify/dropify.min.css
INFO: [ app_init ] --START--
INFO: Run Behavior\BuildLiteBehavior [ RunTime:0.000012s ]
INFO: [ app_init ] --END-- [ RunTime:0.000489s ]
ERR: 无法加载模块:Public

[ 2016-12-30T20:49:03+08:00 ] ::1 /thinkphp_3.2.3_full/Public/libs/dropify/dropify.min.css
INFO: [ app_init ] --START--
INFO: Run Behavior\BuildLiteBehavior [ RunTime:0.000014s ]
INFO: [ app_init ] --END-- [ RunTime:0.000598s ]
ERR: 无法加载模块:Public

[ 2016-12-30T20:49:03+08:00 ] ::1 /thinkphp_3.2.3_full/Public/libs/dropify/dropify.min.js
INFO: [ app_init ] --START--
INFO: Run Behavior\BuildLiteBehavior [ RunTime:0.000021s ]
INFO: [ app_init ] --END-- [ RunTime:0.000696s ]
ERR: 无法加载模块:Public

[ 2016-12-30T20:53:40+08:00 ] ::1 /thinkphp_3.2.3_full/Public/libs/dropify/dropify.min.js
INFO: [ app_init ] --START--
INFO: Run Behavior\BuildLiteBehavior [ RunTime:0.000015s ]
INFO: [ app_init ] --END-- [ RunTime:0.000483s ]
ERR: 无法加载模块:Public

[ 2016-12-30T20:53:40+08:00 ] ::1 /thinkphp_3.2.3_full/Public/libs/dropify/dropify.min.css
INFO: [ app_init ] --START--
INFO: Run Behavior\BuildLiteBehavior [ RunTime:0.000014s ]
INFO: [ app_init ] --END-- [ RunTime:0.000479s ]
ERR: 无法加载模块:Public

[ 2016-12-30T20:57:25+08:00 ] ::1 /thinkphp_3.2.3_full/Public/libs/dropify/dropify.min.css
INFO: [ app_init ] --START--
INFO: Run Behavior\BuildLiteBehavior [ RunTime:0.000014s ]
INFO: [ app_init ] --END-- [ RunTime:0.000532s ]
ERR: 无法加载模块:Public

[ 2016-12-30T20:57:25+08:00 ] ::1 /thinkphp_3.2.3_full/Public/libs/dropify/dropify.min.js
INFO: [ app_init ] --START--
INFO: Run Behavior\BuildLiteBehavior [ RunTime:0.000024s ]
INFO: [ app_init ] --END-- [ RunTime:0.001362s ]
ERR: 无法加载模块:Public

[ 2016-12-30T20:58:51+08:00 ] ::1 /thinkphp_3.2.3_full/Public/libs/dropify/dropify.min.css
INFO: [ app_init ] --START--
INFO: Run Behavior\BuildLiteBehavior [ RunTime:0.000021s ]
INFO: [ app_init ] --END-- [ RunTime:0.000638s ]
ERR: 无法加载模块:Public

[ 2016-12-30T20:58:51+08:00 ] ::1 /thinkphp_3.2.3_full/Public/libs/dropify/dropify.min.js
INFO: [ app_init ] --START--
INFO: Run Behavior\BuildLiteBehavior [ RunTime:0.000023s ]
INFO: [ app_init ] --END-- [ RunTime:0.000810s ]
ERR: 无法加载模块:Public

[ 2016-12-30T20:58:51+08:00 ] ::1 /thinkphp_3.2.3_full/Public/libs/dropify/dropify.min.css
INFO: [ app_init ] --START--
INFO: Run Behavior\BuildLiteBehavior [ RunTime:0.000014s ]
INFO: [ app_init ] --END-- [ RunTime:0.000451s ]
ERR: 无法加载模块:Public

[ 2016-12-30T20:59:09+08:00 ] ::1 /thinkphp_3.2.3_full/Public/libs/dropify/dropify.min.js
INFO: [ app_init ] --START--
INFO: Run Behavior\BuildLiteBehavior [ RunTime:0.000020s ]
INFO: [ app_init ] --END-- [ RunTime:0.000627s ]
ERR: 无法加载模块:Public

[ 2016-12-30T20:59:09+08:00 ] ::1 /thinkphp_3.2.3_full/Public/libs/dropify/dropify.min.css
INFO: [ app_init ] --START--
INFO: Run Behavior\BuildLiteBehavior [ RunTime:0.000037s ]
INFO: [ app_init ] --END-- [ RunTime:0.000862s ]
ERR: 无法加载模块:Public

[ 2016-12-30T21:04:39+08:00 ] ::1 /thinkphp_3.2.3_full/Public/libs/dropify/dropify.min.css
INFO: [ app_init ] --START--
INFO: Run Behavior\BuildLiteBehavior [ RunTime:0.000023s ]
INFO: [ app_init ] --END-- [ RunTime:0.000690s ]
ERR: 无法加载模块:Public

[ 2016-12-30T21:04:39+08:00 ] ::1 /thinkphp_3.2.3_full/Public/libs/dropify/dropify.min.js
INFO: [ app_init ] --START--
INFO: Run Behavior\BuildLiteBehavior [ RunTime:0.000014s ]
INFO: [ app_init ] --END-- [ RunTime:0.000517s ]
ERR: 无法加载模块:Public

