[ 2017-01-06T15:33:12+08:00 ] ::1 /thinkphp_3.2.3_full/index.php/img/free3.jpg
INFO: [ app_init ] --START--
INFO: Run Behavior\BuildLiteBehavior [ RunTime:0.000024s ]
INFO: [ app_init ] --END-- [ RunTime:0.000692s ]
ERR: 无法加载模块:Img

[ 2017-01-06T15:33:12+08:00 ] ::1 /thinkphp_3.2.3_full/index.php/img/web1.jpg
INFO: [ app_init ] --START--
INFO: Run Behavior\BuildLiteBehavior [ RunTime:0.000021s ]
INFO: [ app_init ] --END-- [ RunTime:0.000646s ]
ERR: 无法加载模块:Img

[ 2017-01-06T15:35:29+08:00 ] ::1 /thinkphp_3.2.3_full/index.php/img/free3.jpg
INFO: [ app_init ] --START--
INFO: Run Behavior\BuildLiteBehavior [ RunTime:0.000023s ]
INFO: [ app_init ] --END-- [ RunTime:0.000725s ]
ERR: 无法加载模块:Img

[ 2017-01-06T15:35:29+08:00 ] ::1 /thinkphp_3.2.3_full/index.php/img/web1.jpg
INFO: [ app_init ] --START--
INFO: Run Behavior\BuildLiteBehavior [ RunTime:0.000020s ]
INFO: [ app_init ] --END-- [ RunTime:0.000673s ]
ERR: 无法加载模块:Img

