[ 2017-01-04T15:36:18+08:00 ] ::1 /thinkphp_3.2.3_full/Public/sancss/content.css
INFO: [ app_init ] --START--
INFO: Run Behavior\BuildLiteBehavior [ RunTime:0.000022s ]
INFO: [ app_init ] --END-- [ RunTime:0.000679s ]
ERR: 无法加载模块:Public

[ 2017-01-04T15:36:18+08:00 ] ::1 /thinkphp_3.2.3_full/Public/sancss/jquery.zySlide.css
INFO: [ app_init ] --START--
INFO: Run Behavior\BuildLiteBehavior [ RunTime:0.000024s ]
INFO: [ app_init ] --END-- [ RunTime:0.000773s ]
ERR: 无法加载模块:Public

[ 2017-01-04T15:36:18+08:00 ] ::1 /thinkphp_3.2.3_full/Public/sanjs/jquery.min.js
INFO: [ app_init ] --START--
INFO: Run Behavior\BuildLiteBehavior [ RunTime:0.000020s ]
INFO: [ app_init ] --END-- [ RunTime:0.000650s ]
ERR: 无法加载模块:Public

[ 2017-01-04T15:36:18+08:00 ] ::1 /thinkphp_3.2.3_full/Public/sanjs/content.js
INFO: [ app_init ] --START--
INFO: Run Behavior\BuildLiteBehavior [ RunTime:0.000015s ]
INFO: [ app_init ] --END-- [ RunTime:0.000480s ]
ERR: 无法加载模块:Public

[ 2017-01-04T15:36:18+08:00 ] ::1 /thinkphp_3.2.3_full/Public/sanjs/jquery.min.js
INFO: [ app_init ] --START--
INFO: Run Behavior\BuildLiteBehavior [ RunTime:0.000014s ]
INFO: [ app_init ] --END-- [ RunTime:0.000469s ]
ERR: 无法加载模块:Public

[ 2017-01-04T15:36:18+08:00 ] ::1 /thinkphp_3.2.3_full/Public/sanjs/content.js
INFO: [ app_init ] --START--
INFO: Run Behavior\BuildLiteBehavior [ RunTime:0.000014s ]
INFO: [ app_init ] --END-- [ RunTime:0.000545s ]
ERR: 无法加载模块:Public

[ 2017-01-04T15:36:46+08:00 ] ::1 /thinkphp_3.2.3_full/Public/sancss/jquery.zySlide.css
INFO: [ app_init ] --START--
INFO: Run Behavior\BuildLiteBehavior [ RunTime:0.000020s ]
INFO: [ app_init ] --END-- [ RunTime:0.000815s ]
ERR: 无法加载模块:Public

[ 2017-01-04T15:36:46+08:00 ] ::1 /thinkphp_3.2.3_full/Public/sancss/content.css
INFO: [ app_init ] --START--
INFO: Run Behavior\BuildLiteBehavior [ RunTime:0.000021s ]
INFO: [ app_init ] --END-- [ RunTime:0.000899s ]
ERR: 无法加载模块:Public

[ 2017-01-04T15:36:46+08:00 ] ::1 /thinkphp_3.2.3_full/Public/sanjs/jquery.min.js
INFO: [ app_init ] --START--
INFO: Run Behavior\BuildLiteBehavior [ RunTime:0.000023s ]
INFO: [ app_init ] --END-- [ RunTime:0.000675s ]
ERR: 无法加载模块:Public

[ 2017-01-04T15:36:46+08:00 ] ::1 /thinkphp_3.2.3_full/Public/sanjs/content.js
INFO: [ app_init ] --START--
INFO: Run Behavior\BuildLiteBehavior [ RunTime:0.000016s ]
INFO: [ app_init ] --END-- [ RunTime:0.000725s ]
ERR: 无法加载模块:Public

[ 2017-01-04T15:36:46+08:00 ] ::1 /thinkphp_3.2.3_full/Public/sanjs/jquery.min.js
INFO: [ app_init ] --START--
INFO: Run Behavior\BuildLiteBehavior [ RunTime:0.000015s ]
INFO: [ app_init ] --END-- [ RunTime:0.000508s ]
ERR: 无法加载模块:Public

[ 2017-01-04T15:36:46+08:00 ] ::1 /thinkphp_3.2.3_full/Public/sanjs/content.js
INFO: [ app_init ] --START--
INFO: Run Behavior\BuildLiteBehavior [ RunTime:0.000015s ]
INFO: [ app_init ] --END-- [ RunTime:0.000544s ]
ERR: 无法加载模块:Public

[ 2017-01-04T15:37:53+08:00 ] ::1 /thinkphp_3.2.3_full/Public/sancss/jquery.zySlide.css
INFO: [ app_init ] --START--
INFO: Run Behavior\BuildLiteBehavior [ RunTime:0.000020s ]
INFO: [ app_init ] --END-- [ RunTime:0.000654s ]
ERR: 无法加载模块:Public

[ 2017-01-04T15:37:53+08:00 ] ::1 /thinkphp_3.2.3_full/Public/sancss/content.css
INFO: [ app_init ] --START--
INFO: Run Behavior\BuildLiteBehavior [ RunTime:0.000018s ]
INFO: [ app_init ] --END-- [ RunTime:0.000657s ]
ERR: 无法加载模块:Public

[ 2017-01-04T15:37:53+08:00 ] ::1 /thinkphp_3.2.3_full/Public/sanjs/content.js
INFO: [ app_init ] --START--
INFO: Run Behavior\BuildLiteBehavior [ RunTime:0.000021s ]
INFO: [ app_init ] --END-- [ RunTime:0.000739s ]
ERR: 无法加载模块:Public

[ 2017-01-04T15:37:53+08:00 ] ::1 /thinkphp_3.2.3_full/Public/sanjs/jquery.min.js
INFO: [ app_init ] --START--
INFO: Run Behavior\BuildLiteBehavior [ RunTime:0.000021s ]
INFO: [ app_init ] --END-- [ RunTime:0.001826s ]
ERR: 无法加载模块:Public

[ 2017-01-04T15:37:53+08:00 ] ::1 /thinkphp_3.2.3_full/Public/sanjs/jquery.min.js
INFO: [ app_init ] --START--
INFO: Run Behavior\BuildLiteBehavior [ RunTime:0.000023s ]
INFO: [ app_init ] --END-- [ RunTime:0.000736s ]
ERR: 无法加载模块:Public

[ 2017-01-04T15:37:53+08:00 ] ::1 /thinkphp_3.2.3_full/Public/sanjs/content.js
INFO: [ app_init ] --START--
INFO: Run Behavior\BuildLiteBehavior [ RunTime:0.000025s ]
INFO: [ app_init ] --END-- [ RunTime:0.000766s ]
ERR: 无法加载模块:Public

[ 2017-01-04T15:40:48+08:00 ] ::1 /thinkphp_3.2.3_full/Public/sancss/jquery.zySlide.css
INFO: [ app_init ] --START--
INFO: Run Behavior\BuildLiteBehavior [ RunTime:0.000022s ]
INFO: [ app_init ] --END-- [ RunTime:0.000672s ]
ERR: 无法加载模块:Public

[ 2017-01-04T15:40:48+08:00 ] ::1 /thinkphp_3.2.3_full/Public/sanjs/content.js
INFO: [ app_init ] --START--
INFO: Run Behavior\BuildLiteBehavior [ RunTime:0.000032s ]
INFO: [ app_init ] --END-- [ RunTime:0.000720s ]
ERR: 无法加载模块:Public

[ 2017-01-04T15:40:48+08:00 ] ::1 /thinkphp_3.2.3_full/Public/sanjs/jquery.min.js
INFO: [ app_init ] --START--
INFO: Run Behavior\BuildLiteBehavior [ RunTime:0.000031s ]
INFO: [ app_init ] --END-- [ RunTime:0.000720s ]
ERR: 无法加载模块:Public

[ 2017-01-04T15:40:48+08:00 ] ::1 /thinkphp_3.2.3_full/Public/sancss/content.css
INFO: [ app_init ] --START--
INFO: Run Behavior\BuildLiteBehavior [ RunTime:0.000023s ]
INFO: [ app_init ] --END-- [ RunTime:0.004273s ]
ERR: 无法加载模块:Public

[ 2017-01-04T15:40:48+08:00 ] ::1 /thinkphp_3.2.3_full/Public/sanjs/jquery.min.js
INFO: [ app_init ] --START--
INFO: Run Behavior\BuildLiteBehavior [ RunTime:0.000026s ]
INFO: [ app_init ] --END-- [ RunTime:0.000730s ]
ERR: 无法加载模块:Public

[ 2017-01-04T15:40:48+08:00 ] ::1 /thinkphp_3.2.3_full/Public/sanjs/content.js
INFO: [ app_init ] --START--
INFO: Run Behavior\BuildLiteBehavior [ RunTime:0.000034s ]
INFO: [ app_init ] --END-- [ RunTime:0.000985s ]
ERR: 无法加载模块:Public

[ 2017-01-04T15:45:12+08:00 ] ::1 /thinkphp_3.2.3_full/Public/sancss/content.css
INFO: [ app_init ] --START--
INFO: Run Behavior\BuildLiteBehavior [ RunTime:0.000023s ]
INFO: [ app_init ] --END-- [ RunTime:0.000697s ]
ERR: 无法加载模块:Public

[ 2017-01-04T15:45:12+08:00 ] ::1 /thinkphp_3.2.3_full/Public/sancss/jquery.zySlide.css
INFO: [ app_init ] --START--
INFO: Run Behavior\BuildLiteBehavior [ RunTime:0.000022s ]
INFO: [ app_init ] --END-- [ RunTime:0.000751s ]
ERR: 无法加载模块:Public

[ 2017-01-04T15:48:16+08:00 ] ::1 /thinkphp_3.2.3_full/Public/sancss/jquery.zySlide.css
INFO: [ app_init ] --START--
INFO: Run Behavior\BuildLiteBehavior [ RunTime:0.000020s ]
INFO: [ app_init ] --END-- [ RunTime:0.000630s ]
ERR: 无法加载模块:Public

[ 2017-01-04T15:48:16+08:00 ] ::1 /thinkphp_3.2.3_full/Public/sanjs/jquery.min.js
INFO: [ app_init ] --START--
INFO: Run Behavior\BuildLiteBehavior [ RunTime:0.000021s ]
INFO: [ app_init ] --END-- [ RunTime:0.000669s ]
ERR: 无法加载模块:Public

[ 2017-01-04T15:48:16+08:00 ] ::1 /thinkphp_3.2.3_full/Public/sancss/content.css
INFO: [ app_init ] --START--
INFO: Run Behavior\BuildLiteBehavior [ RunTime:0.000020s ]
INFO: [ app_init ] --END-- [ RunTime:0.000636s ]
ERR: 无法加载模块:Public

[ 2017-01-04T15:48:16+08:00 ] ::1 /thinkphp_3.2.3_full/Public/sanjs/content.js
INFO: [ app_init ] --START--
INFO: Run Behavior\BuildLiteBehavior [ RunTime:0.000022s ]
INFO: [ app_init ] --END-- [ RunTime:0.000826s ]
ERR: 无法加载模块:Public

[ 2017-01-04T15:48:16+08:00 ] ::1 /thinkphp_3.2.3_full/Public/sanjs/jquery.min.js
INFO: [ app_init ] --START--
INFO: Run Behavior\BuildLiteBehavior [ RunTime:0.000023s ]
INFO: [ app_init ] --END-- [ RunTime:0.000674s ]
ERR: 无法加载模块:Public

[ 2017-01-04T15:48:16+08:00 ] ::1 /thinkphp_3.2.3_full/Public/sanjs/content.js
INFO: [ app_init ] --START--
INFO: Run Behavior\BuildLiteBehavior [ RunTime:0.000023s ]
INFO: [ app_init ] --END-- [ RunTime:0.000764s ]
ERR: 无法加载模块:Public

[ 2017-01-04T17:00:47+08:00 ] ::1 /thinkphp_3.2.3_full/Public/img/12.png
INFO: [ app_init ] --START--
INFO: Run Behavior\BuildLiteBehavior [ RunTime:0.000015s ]
INFO: [ app_init ] --END-- [ RunTime:0.000532s ]
ERR: 无法加载模块:Public

[ 2017-01-04T17:00:49+08:00 ] ::1 /thinkphp_3.2.3_full/Public/img/12.png
INFO: [ app_init ] --START--
INFO: Run Behavior\BuildLiteBehavior [ RunTime:0.000022s ]
INFO: [ app_init ] --END-- [ RunTime:0.000803s ]
ERR: 无法加载模块:Public

[ 2017-01-04T17:00:52+08:00 ] ::1 /thinkphp_3.2.3_full/Public/img/12.png
INFO: [ app_init ] --START--
INFO: Run Behavior\BuildLiteBehavior [ RunTime:0.000014s ]
INFO: [ app_init ] --END-- [ RunTime:0.000478s ]
ERR: 无法加载模块:Public

[ 2017-01-04T17:00:54+08:00 ] ::1 /thinkphp_3.2.3_full/Public/img/12.png
INFO: [ app_init ] --START--
INFO: Run Behavior\BuildLiteBehavior [ RunTime:0.000027s ]
INFO: [ app_init ] --END-- [ RunTime:0.000974s ]
ERR: 无法加载模块:Public

[ 2017-01-04T17:00:55+08:00 ] ::1 /thinkphp_3.2.3_full/Public/img/12.png
INFO: [ app_init ] --START--
INFO: Run Behavior\BuildLiteBehavior [ RunTime:0.000015s ]
INFO: [ app_init ] --END-- [ RunTime:0.000555s ]
ERR: 无法加载模块:Public

