[ 2017-01-08T12:28:34+08:00 ] ::1 /AS_Education/index.php/Index/index/
INFO: [ app_init ] --START--
INFO: Run Behavior\BuildLiteBehavior [ RunTime:0.000042s ]
INFO: [ app_init ] --END-- [ RunTime:0.000676s ]

[ 2017-01-08T12:28:44+08:00 ] ::1 /AS_Education/index.php/Course/course/
INFO: [ app_init ] --START--
INFO: Run Behavior\BuildLiteBehavior [ RunTime:0.000023s ]
INFO: [ app_init ] --END-- [ RunTime:0.000419s ]

[ 2017-01-08T12:28:45+08:00 ] ::1 /AS_Education/index.php/Article/articleList/
INFO: [ app_init ] --START--
INFO: Run Behavior\BuildLiteBehavior [ RunTime:0.000037s ]
INFO: [ app_init ] --END-- [ RunTime:0.000474s ]

[ 2017-01-08T12:28:56+08:00 ] ::1 /AS_Education/index.php/Article/articleDetail/id/1
INFO: [ app_init ] --START--
INFO: Run Behavior\BuildLiteBehavior [ RunTime:0.000023s ]
INFO: [ app_init ] --END-- [ RunTime:0.000424s ]

[ 2017-01-08T12:31:00+08:00 ] ::1 /AS_Education/index.php/Index/index/
INFO: [ app_init ] --START--
INFO: Run Behavior\BuildLiteBehavior [ RunTime:0.000022s ]
INFO: [ app_init ] --END-- [ RunTime:0.000433s ]

[ 2017-01-08T12:32:57+08:00 ] ::1 /AS_Education/index.php/Course/course/
INFO: [ app_init ] --START--
INFO: Run Behavior\BuildLiteBehavior [ RunTime:0.000024s ]
INFO: [ app_init ] --END-- [ RunTime:0.000420s ]

[ 2017-01-08T12:32:57+08:00 ] ::1 /AS_Education/index.php/Article/articleList/
INFO: [ app_init ] --START--
INFO: Run Behavior\BuildLiteBehavior [ RunTime:0.000036s ]
INFO: [ app_init ] --END-- [ RunTime:0.000567s ]

[ 2017-01-08T12:32:58+08:00 ] ::1 /AS_Education/index.php/Community/community/
INFO: [ app_init ] --START--
INFO: Run Behavior\BuildLiteBehavior [ RunTime:0.000023s ]
INFO: [ app_init ] --END-- [ RunTime:0.000480s ]

[ 2017-01-08T12:32:59+08:00 ] ::1 /AS_Education/index.php/Article/articleList/
INFO: [ app_init ] --START--
INFO: Run Behavior\BuildLiteBehavior [ RunTime:0.000023s ]
INFO: [ app_init ] --END-- [ RunTime:0.000423s ]

[ 2017-01-08T12:32:59+08:00 ] ::1 /AS_Education/index.php/Course/course/
INFO: [ app_init ] --START--
INFO: Run Behavior\BuildLiteBehavior [ RunTime:0.000031s ]
INFO: [ app_init ] --END-- [ RunTime:0.000472s ]

[ 2017-01-08T12:33:00+08:00 ] ::1 /AS_Education/index.php/Index/index/
INFO: [ app_init ] --START--
INFO: Run Behavior\BuildLiteBehavior [ RunTime:0.000023s ]
INFO: [ app_init ] --END-- [ RunTime:0.000421s ]

[ 2017-01-08T12:33:01+08:00 ] ::1 /AS_Education/index.php/Course/course/
INFO: [ app_init ] --START--
INFO: Run Behavior\BuildLiteBehavior [ RunTime:0.000024s ]
INFO: [ app_init ] --END-- [ RunTime:0.000414s ]

[ 2017-01-08T12:33:01+08:00 ] ::1 /AS_Education/index.php/Article/articleList/
INFO: [ app_init ] --START--
INFO: Run Behavior\BuildLiteBehavior [ RunTime:0.000026s ]
INFO: [ app_init ] --END-- [ RunTime:0.000419s ]

[ 2017-01-08T12:33:02+08:00 ] ::1 /AS_Education/index.php/Community/community/
INFO: [ app_init ] --START--
INFO: Run Behavior\BuildLiteBehavior [ RunTime:0.000026s ]
INFO: [ app_init ] --END-- [ RunTime:0.000413s ]

[ 2017-01-08T12:33:03+08:00 ] ::1 /AS_Education/index.php/Course/course/
INFO: [ app_init ] --START--
INFO: Run Behavior\BuildLiteBehavior [ RunTime:0.000035s ]
INFO: [ app_init ] --END-- [ RunTime:0.000410s ]

[ 2017-01-08T12:33:07+08:00 ] ::1 /AS_Education/index.php/Index/index/
INFO: [ app_init ] --START--
INFO: Run Behavior\BuildLiteBehavior [ RunTime:0.000023s ]
INFO: [ app_init ] --END-- [ RunTime:0.000382s ]

[ 2017-01-08T12:33:08+08:00 ] ::1 /AS_Education/index.php/Course/course/
INFO: [ app_init ] --START--
INFO: Run Behavior\BuildLiteBehavior [ RunTime:0.000023s ]
INFO: [ app_init ] --END-- [ RunTime:0.000386s ]

[ 2017-01-08T12:33:24+08:00 ] ::1 /AS_Education/index.php/Index/index/
INFO: [ app_init ] --START--
INFO: Run Behavior\BuildLiteBehavior [ RunTime:0.000022s ]
INFO: [ app_init ] --END-- [ RunTime:0.000457s ]

[ 2017-01-08T12:33:24+08:00 ] ::1 /AS_Education/index.php/Course/course/
INFO: [ app_init ] --START--
INFO: Run Behavior\BuildLiteBehavior [ RunTime:0.000023s ]
INFO: [ app_init ] --END-- [ RunTime:0.000408s ]

[ 2017-01-08T12:33:25+08:00 ] ::1 /AS_Education/index.php/Article/articleList/
INFO: [ app_init ] --START--
INFO: Run Behavior\BuildLiteBehavior [ RunTime:0.000023s ]
INFO: [ app_init ] --END-- [ RunTime:0.000394s ]

[ 2017-01-08T12:33:26+08:00 ] ::1 /AS_Education/index.php/Community/community/
INFO: [ app_init ] --START--
INFO: Run Behavior\BuildLiteBehavior [ RunTime:0.000023s ]
INFO: [ app_init ] --END-- [ RunTime:0.000437s ]

[ 2017-01-08T12:33:27+08:00 ] ::1 /AS_Education/index.php/Index/index/
INFO: [ app_init ] --START--
INFO: Run Behavior\BuildLiteBehavior [ RunTime:0.000023s ]
INFO: [ app_init ] --END-- [ RunTime:0.000398s ]

[ 2017-01-08T12:34:07+08:00 ] ::1 /AS_Education/index.php/Index/index/
INFO: [ app_init ] --START--
INFO: Run Behavior\BuildLiteBehavior [ RunTime:0.000023s ]
INFO: [ app_init ] --END-- [ RunTime:0.000389s ]

[ 2017-01-08T12:35:31+08:00 ] ::1 /AS_Education/index.php/Course/course/
INFO: [ app_init ] --START--
INFO: Run Behavior\BuildLiteBehavior [ RunTime:0.000023s ]
INFO: [ app_init ] --END-- [ RunTime:0.000433s ]

[ 2017-01-08T12:35:32+08:00 ] ::1 /AS_Education/index.php/Article/articleList/
INFO: [ app_init ] --START--
INFO: Run Behavior\BuildLiteBehavior [ RunTime:0.000023s ]
INFO: [ app_init ] --END-- [ RunTime:0.000397s ]

[ 2017-01-08T12:35:36+08:00 ] ::1 /AS_Education/index.php/Article/articleDetail/id/1
INFO: [ app_init ] --START--
INFO: Run Behavior\BuildLiteBehavior [ RunTime:0.000022s ]
INFO: [ app_init ] --END-- [ RunTime:0.000369s ]

[ 2017-01-08T12:36:08+08:00 ] ::1 /AS_Education/index.php/Community/community/
INFO: [ app_init ] --START--
INFO: Run Behavior\BuildLiteBehavior [ RunTime:0.000024s ]
INFO: [ app_init ] --END-- [ RunTime:0.000460s ]

[ 2017-01-08T12:36:09+08:00 ] ::1 /AS_Education/index.php/Article/articleList/
INFO: [ app_init ] --START--
INFO: Run Behavior\BuildLiteBehavior [ RunTime:0.000021s ]
INFO: [ app_init ] --END-- [ RunTime:0.000385s ]

[ 2017-01-08T15:09:43+08:00 ] ::1 /AS_Education/index.php/Article/articleList/
INFO: [ app_init ] --START--
INFO: Run Behavior\BuildLiteBehavior [ RunTime:0.000037s ]
INFO: [ app_init ] --END-- [ RunTime:0.000446s ]

[ 2017-01-08T15:12:58+08:00 ] ::1 /AS_Education/index.php/Article/articleList/
INFO: [ app_init ] --START--
INFO: Run Behavior\BuildLiteBehavior [ RunTime:0.000022s ]
INFO: [ app_init ] --END-- [ RunTime:0.000413s ]

[ 2017-01-08T15:16:12+08:00 ] ::1 /AS_Education/index.php/Article/articleList/
INFO: [ app_init ] --START--
INFO: Run Behavior\BuildLiteBehavior [ RunTime:0.000023s ]
INFO: [ app_init ] --END-- [ RunTime:0.000372s ]

[ 2017-01-08T15:16:14+08:00 ] ::1 /AS_Education/index.php/Index/index/
INFO: [ app_init ] --START--
INFO: Run Behavior\BuildLiteBehavior [ RunTime:0.000022s ]
INFO: [ app_init ] --END-- [ RunTime:0.000392s ]

[ 2017-01-08T15:16:14+08:00 ] ::1 /AS_Education/index.php/Course/course/
INFO: [ app_init ] --START--
INFO: Run Behavior\BuildLiteBehavior [ RunTime:0.000022s ]
INFO: [ app_init ] --END-- [ RunTime:0.000392s ]

[ 2017-01-08T15:16:15+08:00 ] ::1 /AS_Education/index.php/Article/articleList/
INFO: [ app_init ] --START--
INFO: Run Behavior\BuildLiteBehavior [ RunTime:0.000022s ]
INFO: [ app_init ] --END-- [ RunTime:0.000388s ]

[ 2017-01-08T15:16:16+08:00 ] ::1 /AS_Education/index.php/Article/articleList/
INFO: [ app_init ] --START--
INFO: Run Behavior\BuildLiteBehavior [ RunTime:0.000021s ]
INFO: [ app_init ] --END-- [ RunTime:0.000389s ]

[ 2017-01-08T15:16:18+08:00 ] ::1 /AS_Education/index.php/Article/articleDetail/id/1
INFO: [ app_init ] --START--
INFO: Run Behavior\BuildLiteBehavior [ RunTime:0.000022s ]
INFO: [ app_init ] --END-- [ RunTime:0.000376s ]

[ 2017-01-08T15:16:59+08:00 ] ::1 /AS_Education/index.php/Article/articleList/
INFO: [ app_init ] --START--
INFO: Run Behavior\BuildLiteBehavior [ RunTime:0.000022s ]
INFO: [ app_init ] --END-- [ RunTime:0.000361s ]

[ 2017-01-08T15:20:05+08:00 ] ::1 /AS_Education/index.php/Article/articleList/
INFO: [ app_init ] --START--
INFO: Run Behavior\BuildLiteBehavior [ RunTime:0.000023s ]
INFO: [ app_init ] --END-- [ RunTime:0.000380s ]

[ 2017-01-08T15:20:07+08:00 ] ::1 /AS_Education/index.php/Article/articleList/
INFO: [ app_init ] --START--
INFO: Run Behavior\BuildLiteBehavior [ RunTime:0.000022s ]
INFO: [ app_init ] --END-- [ RunTime:0.000356s ]

[ 2017-01-08T15:20:08+08:00 ] ::1 /AS_Education/index.php/Article/articleList/
INFO: [ app_init ] --START--
INFO: Run Behavior\BuildLiteBehavior [ RunTime:0.000023s ]
INFO: [ app_init ] --END-- [ RunTime:0.000377s ]

[ 2017-01-08T15:20:18+08:00 ] ::1 /AS_Education/index.php/Article/articleList/
INFO: [ app_init ] --START--
INFO: Run Behavior\BuildLiteBehavior [ RunTime:0.000021s ]
INFO: [ app_init ] --END-- [ RunTime:0.000354s ]

[ 2017-01-08T15:20:38+08:00 ] ::1 /AS_Education/index.php/Article/articleList/
INFO: [ app_init ] --START--
INFO: Run Behavior\BuildLiteBehavior [ RunTime:0.000025s ]
INFO: [ app_init ] --END-- [ RunTime:0.000590s ]

[ 2017-01-08T15:20:40+08:00 ] ::1 /AS_Education/index.php/Article/articleList/
INFO: [ app_init ] --START--
INFO: Run Behavior\BuildLiteBehavior [ RunTime:0.000024s ]
INFO: [ app_init ] --END-- [ RunTime:0.000382s ]

[ 2017-01-08T15:21:10+08:00 ] ::1 /AS_Education/index.php/Article/articleList/
INFO: [ app_init ] --START--
INFO: Run Behavior\BuildLiteBehavior [ RunTime:0.000022s ]
INFO: [ app_init ] --END-- [ RunTime:0.000361s ]

[ 2017-01-08T15:21:12+08:00 ] ::1 /AS_Education/index.php/Article/articleList/
INFO: [ app_init ] --START--
INFO: Run Behavior\BuildLiteBehavior [ RunTime:0.000025s ]
INFO: [ app_init ] --END-- [ RunTime:0.000384s ]

[ 2017-01-08T15:21:32+08:00 ] ::1 /AS_Education/index.php/Article/articleList/
INFO: [ app_init ] --START--
INFO: Run Behavior\BuildLiteBehavior [ RunTime:0.000023s ]
INFO: [ app_init ] --END-- [ RunTime:0.000403s ]

[ 2017-01-08T15:22:44+08:00 ] ::1 /AS_Education/index.php/Article/articleList/
INFO: [ app_init ] --START--
INFO: Run Behavior\BuildLiteBehavior [ RunTime:0.000022s ]
INFO: [ app_init ] --END-- [ RunTime:0.000360s ]

[ 2017-01-08T15:22:46+08:00 ] ::1 /AS_Education/index.php/Article/articleList/
INFO: [ app_init ] --START--
INFO: Run Behavior\BuildLiteBehavior [ RunTime:0.000021s ]
INFO: [ app_init ] --END-- [ RunTime:0.000353s ]

[ 2017-01-08T15:23:46+08:00 ] ::1 /AS_Education/index.php/Article/articleList/
INFO: [ app_init ] --START--
INFO: Run Behavior\BuildLiteBehavior [ RunTime:0.000022s ]
INFO: [ app_init ] --END-- [ RunTime:0.000406s ]

[ 2017-01-08T15:23:47+08:00 ] ::1 /AS_Education/index.php/Article/articleList/
INFO: [ app_init ] --START--
INFO: Run Behavior\BuildLiteBehavior [ RunTime:0.000025s ]
INFO: [ app_init ] --END-- [ RunTime:0.000439s ]

[ 2017-01-08T15:26:56+08:00 ] ::1 /AS_Education/index.php/Article/articleList/
INFO: [ app_init ] --START--
INFO: Run Behavior\BuildLiteBehavior [ RunTime:0.000022s ]
INFO: [ app_init ] --END-- [ RunTime:0.000386s ]

[ 2017-01-08T15:32:25+08:00 ] ::1 /AS_Education/index.php/Article/articleList/
INFO: [ app_init ] --START--
INFO: Run Behavior\BuildLiteBehavior [ RunTime:0.000022s ]
INFO: [ app_init ] --END-- [ RunTime:0.000407s ]

[ 2017-01-08T15:32:34+08:00 ] ::1 /AS_Education/index.php/Article/articleList/
INFO: [ app_init ] --START--
INFO: Run Behavior\BuildLiteBehavior [ RunTime:0.000024s ]
INFO: [ app_init ] --END-- [ RunTime:0.000400s ]

[ 2017-01-08T15:33:10+08:00 ] ::1 /AS_Education/index.php/Article/articleList/
INFO: [ app_init ] --START--
INFO: Run Behavior\BuildLiteBehavior [ RunTime:0.000023s ]
INFO: [ app_init ] --END-- [ RunTime:0.000404s ]

[ 2017-01-08T15:33:12+08:00 ] ::1 /AS_Education/index.php/Article/articleList/
INFO: [ app_init ] --START--
INFO: Run Behavior\BuildLiteBehavior [ RunTime:0.000022s ]
INFO: [ app_init ] --END-- [ RunTime:0.000359s ]

[ 2017-01-08T15:36:32+08:00 ] ::1 /AS_Education/index.php/Article/articleList/
INFO: [ app_init ] --START--
INFO: Run Behavior\BuildLiteBehavior [ RunTime:0.000022s ]
INFO: [ app_init ] --END-- [ RunTime:0.000423s ]

[ 2017-01-08T15:36:48+08:00 ] ::1 /AS_Education/index.php/Article/articleList/
INFO: [ app_init ] --START--
INFO: Run Behavior\BuildLiteBehavior [ RunTime:0.000042s ]
INFO: [ app_init ] --END-- [ RunTime:0.000401s ]

[ 2017-01-08T15:36:50+08:00 ] ::1 /AS_Education/index.php/Article/articleList/
INFO: [ app_init ] --START--
INFO: Run Behavior\BuildLiteBehavior [ RunTime:0.000023s ]
INFO: [ app_init ] --END-- [ RunTime:0.000364s ]

[ 2017-01-08T15:36:51+08:00 ] ::1 /AS_Education/index.php/Article/articleList/
INFO: [ app_init ] --START--
INFO: Run Behavior\BuildLiteBehavior [ RunTime:0.000022s ]
INFO: [ app_init ] --END-- [ RunTime:0.000361s ]

[ 2017-01-08T15:51:54+08:00 ] ::1 /AS_Education/index.php/Article/articleList/
INFO: [ app_init ] --START--
INFO: Run Behavior\BuildLiteBehavior [ RunTime:0.000022s ]
INFO: [ app_init ] --END-- [ RunTime:0.000383s ]

[ 2017-01-08T15:52:07+08:00 ] ::1 /AS_Education/index.php/Article/articleList/
INFO: [ app_init ] --START--
INFO: Run Behavior\BuildLiteBehavior [ RunTime:0.000021s ]
INFO: [ app_init ] --END-- [ RunTime:0.000375s ]

[ 2017-01-08T18:43:09+08:00 ] ::1 /AS_Education/index.php/Article/articleList/
INFO: [ app_init ] --START--
INFO: Run Behavior\BuildLiteBehavior [ RunTime:0.000024s ]
INFO: [ app_init ] --END-- [ RunTime:0.000435s ]

[ 2017-01-08T20:09:53+08:00 ] ::1 /AS_Education/index.php/Article/articleDetail/id/1
INFO: [ app_init ] --START--
INFO: Run Behavior\BuildLiteBehavior [ RunTime:0.000023s ]
INFO: [ app_init ] --END-- [ RunTime:0.000419s ]

[ 2017-01-08T20:12:08+08:00 ] ::1 /AS_Education/index.php/Index/index/
INFO: [ app_init ] --START--
INFO: Run Behavior\BuildLiteBehavior [ RunTime:0.000023s ]
INFO: [ app_init ] --END-- [ RunTime:0.000397s ]

[ 2017-01-08T20:12:08+08:00 ] ::1 /AS_Education/index.php/Index/index/
INFO: [ app_init ] --START--
INFO: Run Behavior\BuildLiteBehavior [ RunTime:0.000023s ]
INFO: [ app_init ] --END-- [ RunTime:0.000390s ]

[ 2017-01-08T20:12:09+08:00 ] ::1 /AS_Education/index.php/Course/course/
INFO: [ app_init ] --START--
INFO: Run Behavior\BuildLiteBehavior [ RunTime:0.000023s ]
INFO: [ app_init ] --END-- [ RunTime:0.000390s ]

[ 2017-01-08T20:12:11+08:00 ] ::1 /AS_Education/index.php/Article/articleList/
INFO: [ app_init ] --START--
INFO: Run Behavior\BuildLiteBehavior [ RunTime:0.000024s ]
INFO: [ app_init ] --END-- [ RunTime:0.000427s ]

[ 2017-01-08T20:12:11+08:00 ] ::1 /AS_Education/index.php/Community/community/
INFO: [ app_init ] --START--
INFO: Run Behavior\BuildLiteBehavior [ RunTime:0.000023s ]
INFO: [ app_init ] --END-- [ RunTime:0.000438s ]

[ 2017-01-08T20:12:12+08:00 ] ::1 /AS_Education/index.php/Article/articleList/
INFO: [ app_init ] --START--
INFO: Run Behavior\BuildLiteBehavior [ RunTime:0.000032s ]
INFO: [ app_init ] --END-- [ RunTime:0.000418s ]

[ 2017-01-08T20:12:13+08:00 ] ::1 /AS_Education/index.php/Course/course/
INFO: [ app_init ] --START--
INFO: Run Behavior\BuildLiteBehavior [ RunTime:0.000025s ]
INFO: [ app_init ] --END-- [ RunTime:0.000430s ]

[ 2017-01-08T20:12:13+08:00 ] ::1 /AS_Education/index.php/Index/index/
INFO: [ app_init ] --START--
INFO: Run Behavior\BuildLiteBehavior [ RunTime:0.000028s ]
INFO: [ app_init ] --END-- [ RunTime:0.000450s ]

[ 2017-01-08T20:12:14+08:00 ] ::1 /AS_Education/index.php/Course/course/
INFO: [ app_init ] --START--
INFO: Run Behavior\BuildLiteBehavior [ RunTime:0.000026s ]
INFO: [ app_init ] --END-- [ RunTime:0.000399s ]

[ 2017-01-08T20:12:14+08:00 ] ::1 /AS_Education/index.php/Article/articleList/
INFO: [ app_init ] --START--
INFO: Run Behavior\BuildLiteBehavior [ RunTime:0.000023s ]
INFO: [ app_init ] --END-- [ RunTime:0.000396s ]

[ 2017-01-08T20:12:19+08:00 ] ::1 /AS_Education/index.php/Index/index/
INFO: [ app_init ] --START--
INFO: Run Behavior\BuildLiteBehavior [ RunTime:0.000023s ]
INFO: [ app_init ] --END-- [ RunTime:0.000386s ]

[ 2017-01-08T20:12:22+08:00 ] ::1 /AS_Education/index.php/Course/course/
INFO: [ app_init ] --START--
INFO: Run Behavior\BuildLiteBehavior [ RunTime:0.000022s ]
INFO: [ app_init ] --END-- [ RunTime:0.000415s ]

[ 2017-01-08T20:12:23+08:00 ] ::1 /AS_Education/index.php/Article/articleList/
INFO: [ app_init ] --START--
INFO: Run Behavior\BuildLiteBehavior [ RunTime:0.000022s ]
INFO: [ app_init ] --END-- [ RunTime:0.000421s ]

[ 2017-01-08T20:12:24+08:00 ] ::1 /AS_Education/index.php/Index/index/
INFO: [ app_init ] --START--
INFO: Run Behavior\BuildLiteBehavior [ RunTime:0.000022s ]
INFO: [ app_init ] --END-- [ RunTime:0.000400s ]

[ 2017-01-08T20:12:25+08:00 ] ::1 /AS_Education/index.php/Course/course/
INFO: [ app_init ] --START--
INFO: Run Behavior\BuildLiteBehavior [ RunTime:0.000022s ]
INFO: [ app_init ] --END-- [ RunTime:0.000376s ]

[ 2017-01-08T20:12:25+08:00 ] ::1 /AS_Education/index.php/Article/articleList/
INFO: [ app_init ] --START--
INFO: Run Behavior\BuildLiteBehavior [ RunTime:0.000022s ]
INFO: [ app_init ] --END-- [ RunTime:0.000390s ]

[ 2017-01-08T20:12:26+08:00 ] ::1 /AS_Education/index.php/Index/index/
INFO: [ app_init ] --START--
INFO: Run Behavior\BuildLiteBehavior [ RunTime:0.000024s ]
INFO: [ app_init ] --END-- [ RunTime:0.000432s ]

[ 2017-01-08T20:12:30+08:00 ] ::1 /AS_Education/index.php/Course/course/
INFO: [ app_init ] --START--
INFO: Run Behavior\BuildLiteBehavior [ RunTime:0.000022s ]
INFO: [ app_init ] --END-- [ RunTime:0.000409s ]

[ 2017-01-08T20:12:33+08:00 ] ::1 /AS_Education/index.php/Index/index/
INFO: [ app_init ] --START--
INFO: Run Behavior\BuildLiteBehavior [ RunTime:0.000023s ]
INFO: [ app_init ] --END-- [ RunTime:0.000383s ]

[ 2017-01-08T20:12:34+08:00 ] ::1 /AS_Education/index.php/Course/course/
INFO: [ app_init ] --START--
INFO: Run Behavior\BuildLiteBehavior [ RunTime:0.000038s ]
INFO: [ app_init ] --END-- [ RunTime:0.000632s ]

[ 2017-01-08T20:12:46+08:00 ] ::1 /AS_Education/index.php/Index/index/
INFO: [ app_init ] --START--
INFO: Run Behavior\BuildLiteBehavior [ RunTime:0.000024s ]
INFO: [ app_init ] --END-- [ RunTime:0.000385s ]

[ 2017-01-08T20:12:48+08:00 ] ::1 /AS_Education/index.php/Course/course/
INFO: [ app_init ] --START--
INFO: Run Behavior\BuildLiteBehavior [ RunTime:0.000039s ]
INFO: [ app_init ] --END-- [ RunTime:0.000630s ]

[ 2017-01-08T20:12:49+08:00 ] ::1 /AS_Education/index.php/Article/articleList/
INFO: [ app_init ] --START--
INFO: Run Behavior\BuildLiteBehavior [ RunTime:0.000025s ]
INFO: [ app_init ] --END-- [ RunTime:0.000410s ]

[ 2017-01-08T20:12:50+08:00 ] ::1 /AS_Education/index.php/Community/community/
INFO: [ app_init ] --START--
INFO: Run Behavior\BuildLiteBehavior [ RunTime:0.000022s ]
INFO: [ app_init ] --END-- [ RunTime:0.000408s ]

[ 2017-01-08T20:12:51+08:00 ] ::1 /AS_Education/index.php/Article/articleList/
INFO: [ app_init ] --START--
INFO: Run Behavior\BuildLiteBehavior [ RunTime:0.000047s ]
INFO: [ app_init ] --END-- [ RunTime:0.000587s ]

[ 2017-01-08T20:12:51+08:00 ] ::1 /AS_Education/index.php/Course/course/
INFO: [ app_init ] --START--
INFO: Run Behavior\BuildLiteBehavior [ RunTime:0.000024s ]
INFO: [ app_init ] --END-- [ RunTime:0.000412s ]

[ 2017-01-08T20:12:52+08:00 ] ::1 /AS_Education/index.php/Community/community/
INFO: [ app_init ] --START--
INFO: Run Behavior\BuildLiteBehavior [ RunTime:0.000022s ]
INFO: [ app_init ] --END-- [ RunTime:0.000389s ]

[ 2017-01-08T20:12:53+08:00 ] ::1 /AS_Education/index.php/Course/course/
INFO: [ app_init ] --START--
INFO: Run Behavior\BuildLiteBehavior [ RunTime:0.000023s ]
INFO: [ app_init ] --END-- [ RunTime:0.000402s ]

[ 2017-01-08T20:12:54+08:00 ] ::1 /AS_Education/index.php/Index/index/
INFO: [ app_init ] --START--
INFO: Run Behavior\BuildLiteBehavior [ RunTime:0.000022s ]
INFO: [ app_init ] --END-- [ RunTime:0.000406s ]

[ 2017-01-08T20:13:07+08:00 ] ::1 /AS_Education/index.php/Article/articleList/
INFO: [ app_init ] --START--
INFO: Run Behavior\BuildLiteBehavior [ RunTime:0.000022s ]
INFO: [ app_init ] --END-- [ RunTime:0.000412s ]

[ 2017-01-08T20:37:03+08:00 ] ::1 /AS_Education/index.php/Article/articleList/
INFO: [ app_init ] --START--
INFO: Run Behavior\BuildLiteBehavior [ RunTime:0.000022s ]
INFO: [ app_init ] --END-- [ RunTime:0.000406s ]

[ 2017-01-08T20:37:06+08:00 ] ::1 /AS_Education/index.php/Article/articleList/
INFO: [ app_init ] --START--
INFO: Run Behavior\BuildLiteBehavior [ RunTime:0.000023s ]
INFO: [ app_init ] --END-- [ RunTime:0.000387s ]

[ 2017-01-08T20:45:03+08:00 ] ::1 /AS_Education/index.php/Course/course/
INFO: [ app_init ] --START--
INFO: Run Behavior\BuildLiteBehavior [ RunTime:0.000023s ]
INFO: [ app_init ] --END-- [ RunTime:0.000405s ]

[ 2017-01-08T20:47:37+08:00 ] ::1 /AS_Education/index.php/Course/course/
INFO: [ app_init ] --START--
INFO: Run Behavior\BuildLiteBehavior [ RunTime:0.000025s ]
INFO: [ app_init ] --END-- [ RunTime:0.000406s ]

[ 2017-01-08T20:47:40+08:00 ] ::1 /AS_Education/index.php/Course/course/
INFO: [ app_init ] --START--
INFO: Run Behavior\BuildLiteBehavior [ RunTime:0.000024s ]
INFO: [ app_init ] --END-- [ RunTime:0.000407s ]

[ 2017-01-08T20:47:41+08:00 ] ::1 /AS_Education/index.php/Course/course/
INFO: [ app_init ] --START--
INFO: Run Behavior\BuildLiteBehavior [ RunTime:0.000023s ]
INFO: [ app_init ] --END-- [ RunTime:0.000402s ]

[ 2017-01-08T20:47:42+08:00 ] ::1 /AS_Education/index.php/Article/articleList/
INFO: [ app_init ] --START--
INFO: Run Behavior\BuildLiteBehavior [ RunTime:0.000022s ]
INFO: [ app_init ] --END-- [ RunTime:0.000387s ]

[ 2017-01-08T20:47:43+08:00 ] ::1 /AS_Education/index.php/Community/community/
INFO: [ app_init ] --START--
INFO: Run Behavior\BuildLiteBehavior [ RunTime:0.000032s ]
INFO: [ app_init ] --END-- [ RunTime:0.000382s ]

[ 2017-01-08T20:48:28+08:00 ] ::1 /AS_Education/index.php/Community/community/
INFO: [ app_init ] --START--
INFO: Run Behavior\BuildLiteBehavior [ RunTime:0.000062s ]
INFO: [ app_init ] --END-- [ RunTime:0.000452s ]

[ 2017-01-08T20:50:31+08:00 ] ::1 /AS_Education/index.php/Community/community/
INFO: [ app_init ] --START--
INFO: Run Behavior\BuildLiteBehavior [ RunTime:0.000022s ]
INFO: [ app_init ] --END-- [ RunTime:0.000359s ]

[ 2017-01-08T20:50:36+08:00 ] ::1 /AS_Education/index.php/Article/articleList/
INFO: [ app_init ] --START--
INFO: Run Behavior\BuildLiteBehavior [ RunTime:0.000026s ]
INFO: [ app_init ] --END-- [ RunTime:0.000401s ]

[ 2017-01-08T20:50:37+08:00 ] ::1 /AS_Education/index.php/Course/course/
INFO: [ app_init ] --START--
INFO: Run Behavior\BuildLiteBehavior [ RunTime:0.000023s ]
INFO: [ app_init ] --END-- [ RunTime:0.000392s ]

[ 2017-01-08T20:50:38+08:00 ] ::1 /AS_Education/index.php/Community/community/
INFO: [ app_init ] --START--
INFO: Run Behavior\BuildLiteBehavior [ RunTime:0.000022s ]
INFO: [ app_init ] --END-- [ RunTime:0.000390s ]

[ 2017-01-08T20:50:38+08:00 ] ::1 /AS_Education/index.php/Community/community/
INFO: [ app_init ] --START--
INFO: Run Behavior\BuildLiteBehavior [ RunTime:0.000026s ]
INFO: [ app_init ] --END-- [ RunTime:0.000951s ]

[ 2017-01-08T20:51:33+08:00 ] ::1 /AS_Education/index.php/Community/community/
INFO: [ app_init ] --START--
INFO: Run Behavior\BuildLiteBehavior [ RunTime:0.000021s ]
INFO: [ app_init ] --END-- [ RunTime:0.000354s ]

[ 2017-01-08T20:51:40+08:00 ] ::1 /AS_Education/index.php/Course/course/
INFO: [ app_init ] --START--
INFO: Run Behavior\BuildLiteBehavior [ RunTime:0.000021s ]
INFO: [ app_init ] --END-- [ RunTime:0.000358s ]

[ 2017-01-08T20:51:41+08:00 ] ::1 /AS_Education/index.php/Article/articleList/
INFO: [ app_init ] --START--
INFO: Run Behavior\BuildLiteBehavior [ RunTime:0.000022s ]
INFO: [ app_init ] --END-- [ RunTime:0.000381s ]

[ 2017-01-08T20:51:42+08:00 ] ::1 /AS_Education/index.php/Community/community/
INFO: [ app_init ] --START--
INFO: Run Behavior\BuildLiteBehavior [ RunTime:0.000023s ]
INFO: [ app_init ] --END-- [ RunTime:0.000372s ]

[ 2017-01-08T20:51:46+08:00 ] ::1 /AS_Education/index.php/Course/course/
INFO: [ app_init ] --START--
INFO: Run Behavior\BuildLiteBehavior [ RunTime:0.000023s ]
INFO: [ app_init ] --END-- [ RunTime:0.000363s ]

[ 2017-01-08T20:51:47+08:00 ] ::1 /AS_Education/index.php/Article/articleList/
INFO: [ app_init ] --START--
INFO: Run Behavior\BuildLiteBehavior [ RunTime:0.000023s ]
INFO: [ app_init ] --END-- [ RunTime:0.000388s ]

[ 2017-01-08T20:51:53+08:00 ] ::1 /AS_Education/index.php/Community/community/
INFO: [ app_init ] --START--
INFO: Run Behavior\BuildLiteBehavior [ RunTime:0.000024s ]
INFO: [ app_init ] --END-- [ RunTime:0.000403s ]

[ 2017-01-08T20:51:57+08:00 ] ::1 /AS_Education/index.php/Article/articleList/
INFO: [ app_init ] --START--
INFO: Run Behavior\BuildLiteBehavior [ RunTime:0.000023s ]
INFO: [ app_init ] --END-- [ RunTime:0.000367s ]

[ 2017-01-08T20:51:59+08:00 ] ::1 /AS_Education/index.php/Index/index/
INFO: [ app_init ] --START--
INFO: Run Behavior\BuildLiteBehavior [ RunTime:0.000023s ]
INFO: [ app_init ] --END-- [ RunTime:0.000367s ]

[ 2017-01-08T20:52:00+08:00 ] ::1 /AS_Education/index.php/Course/course/
INFO: [ app_init ] --START--
INFO: Run Behavior\BuildLiteBehavior [ RunTime:0.000023s ]
INFO: [ app_init ] --END-- [ RunTime:0.000362s ]

[ 2017-01-08T20:52:00+08:00 ] ::1 /AS_Education/index.php/Article/articleList/
INFO: [ app_init ] --START--
INFO: Run Behavior\BuildLiteBehavior [ RunTime:0.000035s ]
INFO: [ app_init ] --END-- [ RunTime:0.000436s ]

[ 2017-01-08T20:52:01+08:00 ] ::1 /AS_Education/index.php/Community/community/
INFO: [ app_init ] --START--
INFO: Run Behavior\BuildLiteBehavior [ RunTime:0.000025s ]
INFO: [ app_init ] --END-- [ RunTime:0.001004s ]

[ 2017-01-08T20:52:20+08:00 ] ::1 /AS_Education/index.php/Index/index/
INFO: [ app_init ] --START--
INFO: Run Behavior\BuildLiteBehavior [ RunTime:0.000027s ]
INFO: [ app_init ] --END-- [ RunTime:0.000463s ]

[ 2017-01-08T20:53:19+08:00 ] ::1 /AS_Education/index.php/Index/index/
INFO: [ app_init ] --START--
INFO: Run Behavior\BuildLiteBehavior [ RunTime:0.000025s ]
INFO: [ app_init ] --END-- [ RunTime:0.000383s ]

[ 2017-01-08T20:53:20+08:00 ] ::1 /AS_Education/index.php/Article/articleList/
INFO: [ app_init ] --START--
INFO: Run Behavior\BuildLiteBehavior [ RunTime:0.000076s ]
INFO: [ app_init ] --END-- [ RunTime:0.000679s ]

[ 2017-01-08T20:53:21+08:00 ] ::1 /AS_Education/index.php/Course/course/
INFO: [ app_init ] --START--
INFO: Run Behavior\BuildLiteBehavior [ RunTime:0.000022s ]
INFO: [ app_init ] --END-- [ RunTime:0.000359s ]

[ 2017-01-08T20:53:22+08:00 ] ::1 /AS_Education/index.php/Index/index/
INFO: [ app_init ] --START--
INFO: Run Behavior\BuildLiteBehavior [ RunTime:0.000024s ]
INFO: [ app_init ] --END-- [ RunTime:0.000411s ]

[ 2017-01-08T20:55:18+08:00 ] ::1 /AS_Education/index.php/Index/index/
INFO: [ app_init ] --START--
INFO: Run Behavior\BuildLiteBehavior [ RunTime:0.000022s ]
INFO: [ app_init ] --END-- [ RunTime:0.000356s ]

[ 2017-01-08T20:55:25+08:00 ] ::1 /AS_Education/index.php/Community/community/
INFO: [ app_init ] --START--
INFO: Run Behavior\BuildLiteBehavior [ RunTime:0.000022s ]
INFO: [ app_init ] --END-- [ RunTime:0.000428s ]

[ 2017-01-08T20:55:26+08:00 ] ::1 /AS_Education/index.php/Article/articleList/
INFO: [ app_init ] --START--
INFO: Run Behavior\BuildLiteBehavior [ RunTime:0.000024s ]
INFO: [ app_init ] --END-- [ RunTime:0.000471s ]

[ 2017-01-08T20:56:21+08:00 ] ::1 /AS_Education/index.php/Article/articleList/
INFO: [ app_init ] --START--
INFO: Run Behavior\BuildLiteBehavior [ RunTime:0.000024s ]
INFO: [ app_init ] --END-- [ RunTime:0.000391s ]

[ 2017-01-08T20:56:23+08:00 ] ::1 /AS_Education/index.php/Article/articleList/
INFO: [ app_init ] --START--
INFO: Run Behavior\BuildLiteBehavior [ RunTime:0.000023s ]
INFO: [ app_init ] --END-- [ RunTime:0.000372s ]

[ 2017-01-08T20:57:18+08:00 ] ::1 /AS_Education/index.php/Index/index/
INFO: [ app_init ] --START--
INFO: Run Behavior\BuildLiteBehavior [ RunTime:0.000024s ]
INFO: [ app_init ] --END-- [ RunTime:0.000458s ]

[ 2017-01-08T20:57:21+08:00 ] ::1 /AS_Education/index.php/Course/course/
INFO: [ app_init ] --START--
INFO: Run Behavior\BuildLiteBehavior [ RunTime:0.000023s ]
INFO: [ app_init ] --END-- [ RunTime:0.000417s ]

[ 2017-01-08T20:57:21+08:00 ] ::1 /AS_Education/index.php/Article/articleList/
INFO: [ app_init ] --START--
INFO: Run Behavior\BuildLiteBehavior [ RunTime:0.000024s ]
INFO: [ app_init ] --END-- [ RunTime:0.000429s ]

[ 2017-01-08T20:57:22+08:00 ] ::1 /AS_Education/index.php/Community/community/
INFO: [ app_init ] --START--
INFO: Run Behavior\BuildLiteBehavior [ RunTime:0.000023s ]
INFO: [ app_init ] --END-- [ RunTime:0.000404s ]

[ 2017-01-08T20:57:23+08:00 ] ::1 /AS_Education/index.php/Article/articleList/
INFO: [ app_init ] --START--
INFO: Run Behavior\BuildLiteBehavior [ RunTime:0.000025s ]
INFO: [ app_init ] --END-- [ RunTime:0.000408s ]

[ 2017-01-08T21:01:52+08:00 ] ::1 /AS_Education/index.php/Article/articleList/
INFO: [ app_init ] --START--
INFO: Run Behavior\BuildLiteBehavior [ RunTime:0.000024s ]
INFO: [ app_init ] --END-- [ RunTime:0.000414s ]

[ 2017-01-08T21:02:28+08:00 ] ::1 /AS_Education/index.php/Course/course/
INFO: [ app_init ] --START--
INFO: Run Behavior\BuildLiteBehavior [ RunTime:0.000040s ]
INFO: [ app_init ] --END-- [ RunTime:0.000461s ]

[ 2017-01-08T21:02:28+08:00 ] ::1 /AS_Education/index.php/Index/index/
INFO: [ app_init ] --START--
INFO: Run Behavior\BuildLiteBehavior [ RunTime:0.000025s ]
INFO: [ app_init ] --END-- [ RunTime:0.000396s ]

[ 2017-01-08T21:02:29+08:00 ] ::1 /AS_Education/index.php/Community/community/
INFO: [ app_init ] --START--
INFO: Run Behavior\BuildLiteBehavior [ RunTime:0.000024s ]
INFO: [ app_init ] --END-- [ RunTime:0.000388s ]

[ 2017-01-08T21:02:30+08:00 ] ::1 /AS_Education/index.php/Article/articleList/
INFO: [ app_init ] --START--
INFO: Run Behavior\BuildLiteBehavior [ RunTime:0.000021s ]
INFO: [ app_init ] --END-- [ RunTime:0.000372s ]

[ 2017-01-08T21:02:30+08:00 ] ::1 /AS_Education/index.php/Article/articleList/
INFO: [ app_init ] --START--
INFO: Run Behavior\BuildLiteBehavior [ RunTime:0.000023s ]
INFO: [ app_init ] --END-- [ RunTime:0.000368s ]

[ 2017-01-08T21:02:31+08:00 ] ::1 /AS_Education/index.php/Index/index/
INFO: [ app_init ] --START--
INFO: Run Behavior\BuildLiteBehavior [ RunTime:0.000022s ]
INFO: [ app_init ] --END-- [ RunTime:0.000396s ]

[ 2017-01-08T21:02:33+08:00 ] ::1 /AS_Education/index.php/Community/community/
INFO: [ app_init ] --START--
INFO: Run Behavior\BuildLiteBehavior [ RunTime:0.000022s ]
INFO: [ app_init ] --END-- [ RunTime:0.000361s ]

[ 2017-01-08T21:06:35+08:00 ] ::1 /AS_Education/index.php/Community/community/
INFO: [ app_init ] --START--
INFO: Run Behavior\BuildLiteBehavior [ RunTime:0.000036s ]
INFO: [ app_init ] --END-- [ RunTime:0.000415s ]

[ 2017-01-08T21:07:34+08:00 ] ::1 /AS_Education/index.php/Community/community/
INFO: [ app_init ] --START--
INFO: Run Behavior\BuildLiteBehavior [ RunTime:0.000027s ]
INFO: [ app_init ] --END-- [ RunTime:0.000445s ]

[ 2017-01-08T21:08:24+08:00 ] ::1 /AS_Education/index.php/Community/community/
INFO: [ app_init ] --START--
INFO: Run Behavior\BuildLiteBehavior [ RunTime:0.000025s ]
INFO: [ app_init ] --END-- [ RunTime:0.000418s ]

[ 2017-01-08T21:08:26+08:00 ] ::1 /AS_Education/index.php/Community/community/
INFO: [ app_init ] --START--
INFO: Run Behavior\BuildLiteBehavior [ RunTime:0.000029s ]
INFO: [ app_init ] --END-- [ RunTime:0.000415s ]

[ 2017-01-08T21:08:27+08:00 ] ::1 /AS_Education/index.php/Community/community/
INFO: [ app_init ] --START--
INFO: Run Behavior\BuildLiteBehavior [ RunTime:0.000028s ]
INFO: [ app_init ] --END-- [ RunTime:0.000533s ]

[ 2017-01-08T21:08:43+08:00 ] ::1 /AS_Education/index.php/Community/community/
INFO: [ app_init ] --START--
INFO: Run Behavior\BuildLiteBehavior [ RunTime:0.000025s ]
INFO: [ app_init ] --END-- [ RunTime:0.000440s ]

[ 2017-01-08T21:08:45+08:00 ] ::1 /AS_Education/index.php/Community/community/
INFO: [ app_init ] --START--
INFO: Run Behavior\BuildLiteBehavior [ RunTime:0.000025s ]
INFO: [ app_init ] --END-- [ RunTime:0.000651s ]

[ 2017-01-08T21:09:01+08:00 ] ::1 /AS_Education/index.php/Community/community/
INFO: [ app_init ] --START--
INFO: Run Behavior\BuildLiteBehavior [ RunTime:0.000022s ]
INFO: [ app_init ] --END-- [ RunTime:0.000413s ]

[ 2017-01-08T21:09:02+08:00 ] ::1 /AS_Education/index.php/Community/community/
INFO: [ app_init ] --START--
INFO: Run Behavior\BuildLiteBehavior [ RunTime:0.000024s ]
INFO: [ app_init ] --END-- [ RunTime:0.000422s ]

[ 2017-01-08T21:09:10+08:00 ] ::1 /AS_Education/index.php/Community/community/
INFO: [ app_init ] --START--
INFO: Run Behavior\BuildLiteBehavior [ RunTime:0.000022s ]
INFO: [ app_init ] --END-- [ RunTime:0.000419s ]

[ 2017-01-08T21:09:48+08:00 ] ::1 /AS_Education/index.php/Community/community/
INFO: [ app_init ] --START--
INFO: Run Behavior\BuildLiteBehavior [ RunTime:0.000023s ]
INFO: [ app_init ] --END-- [ RunTime:0.000397s ]

[ 2017-01-08T21:09:50+08:00 ] ::1 /AS_Education/index.php/Community/community/
INFO: [ app_init ] --START--
INFO: Run Behavior\BuildLiteBehavior [ RunTime:0.000023s ]
INFO: [ app_init ] --END-- [ RunTime:0.000397s ]

[ 2017-01-08T21:11:45+08:00 ] ::1 /AS_Education/index.php/Community/community/
INFO: [ app_init ] --START--
INFO: Run Behavior\BuildLiteBehavior [ RunTime:0.000023s ]
INFO: [ app_init ] --END-- [ RunTime:0.000411s ]

[ 2017-01-08T21:11:47+08:00 ] ::1 /AS_Education/index.php/Community/community/
INFO: [ app_init ] --START--
INFO: Run Behavior\BuildLiteBehavior [ RunTime:0.000022s ]
INFO: [ app_init ] --END-- [ RunTime:0.000406s ]

[ 2017-01-08T21:11:59+08:00 ] ::1 /AS_Education/index.php/Community/community/
INFO: [ app_init ] --START--
INFO: Run Behavior\BuildLiteBehavior [ RunTime:0.000023s ]
INFO: [ app_init ] --END-- [ RunTime:0.000394s ]

[ 2017-01-08T21:12:45+08:00 ] ::1 /AS_Education/index.php/Community/community/
INFO: [ app_init ] --START--
INFO: Run Behavior\BuildLiteBehavior [ RunTime:0.000024s ]
INFO: [ app_init ] --END-- [ RunTime:0.000424s ]

[ 2017-01-08T21:13:21+08:00 ] ::1 /AS_Education/index.php/Community/community/
INFO: [ app_init ] --START--
INFO: Run Behavior\BuildLiteBehavior [ RunTime:0.000023s ]
INFO: [ app_init ] --END-- [ RunTime:0.000425s ]

[ 2017-01-08T21:13:23+08:00 ] ::1 /AS_Education/index.php/Community/community/
INFO: [ app_init ] --START--
INFO: Run Behavior\BuildLiteBehavior [ RunTime:0.000025s ]
INFO: [ app_init ] --END-- [ RunTime:0.000447s ]

[ 2017-01-08T21:13:43+08:00 ] ::1 /AS_Education/index.php/Community/community/
INFO: [ app_init ] --START--
INFO: Run Behavior\BuildLiteBehavior [ RunTime:0.000025s ]
INFO: [ app_init ] --END-- [ RunTime:0.000515s ]

[ 2017-01-08T21:13:45+08:00 ] ::1 /AS_Education/index.php/Community/community/
INFO: [ app_init ] --START--
INFO: Run Behavior\BuildLiteBehavior [ RunTime:0.000024s ]
INFO: [ app_init ] --END-- [ RunTime:0.000418s ]

[ 2017-01-08T21:14:25+08:00 ] ::1 /AS_Education/index.php/Community/community/
INFO: [ app_init ] --START--
INFO: Run Behavior\BuildLiteBehavior [ RunTime:0.000024s ]
INFO: [ app_init ] --END-- [ RunTime:0.000639s ]

[ 2017-01-08T21:14:26+08:00 ] ::1 /AS_Education/index.php/Community/community/
INFO: [ app_init ] --START--
INFO: Run Behavior\BuildLiteBehavior [ RunTime:0.000037s ]
INFO: [ app_init ] --END-- [ RunTime:0.000635s ]

[ 2017-01-08T21:14:35+08:00 ] ::1 /AS_Education/index.php/Community/community/
INFO: [ app_init ] --START--
INFO: Run Behavior\BuildLiteBehavior [ RunTime:0.000023s ]
INFO: [ app_init ] --END-- [ RunTime:0.000394s ]

[ 2017-01-08T21:16:11+08:00 ] ::1 /AS_Education/index.php/Community/community/
INFO: [ app_init ] --START--
INFO: Run Behavior\BuildLiteBehavior [ RunTime:0.000021s ]
INFO: [ app_init ] --END-- [ RunTime:0.000394s ]

[ 2017-01-08T21:16:13+08:00 ] ::1 /AS_Education/index.php/Community/community/
INFO: [ app_init ] --START--
INFO: Run Behavior\BuildLiteBehavior [ RunTime:0.000025s ]
INFO: [ app_init ] --END-- [ RunTime:0.000427s ]

[ 2017-01-08T21:16:14+08:00 ] ::1 /AS_Education/index.php/Community/community/
INFO: [ app_init ] --START--
INFO: Run Behavior\BuildLiteBehavior [ RunTime:0.000025s ]
INFO: [ app_init ] --END-- [ RunTime:0.000446s ]

[ 2017-01-08T21:16:16+08:00 ] ::1 /AS_Education/index.php/Community/community/
INFO: [ app_init ] --START--
INFO: Run Behavior\BuildLiteBehavior [ RunTime:0.000023s ]
INFO: [ app_init ] --END-- [ RunTime:0.000420s ]

[ 2017-01-08T21:16:18+08:00 ] ::1 /AS_Education/index.php/Community/community/
INFO: [ app_init ] --START--
INFO: Run Behavior\BuildLiteBehavior [ RunTime:0.000046s ]
INFO: [ app_init ] --END-- [ RunTime:0.000825s ]

[ 2017-01-08T21:16:53+08:00 ] ::1 /AS_Education/index.php/Community/community/
INFO: [ app_init ] --START--
INFO: Run Behavior\BuildLiteBehavior [ RunTime:0.000038s ]
INFO: [ app_init ] --END-- [ RunTime:0.000404s ]

[ 2017-01-08T21:17:51+08:00 ] ::1 /AS_Education/index.php/Community/community/
INFO: [ app_init ] --START--
INFO: Run Behavior\BuildLiteBehavior [ RunTime:0.000023s ]
INFO: [ app_init ] --END-- [ RunTime:0.000424s ]

[ 2017-01-08T21:19:12+08:00 ] ::1 /AS_Education/index.php/Community/community/
INFO: [ app_init ] --START--
INFO: Run Behavior\BuildLiteBehavior [ RunTime:0.000022s ]
INFO: [ app_init ] --END-- [ RunTime:0.000380s ]

[ 2017-01-08T21:20:44+08:00 ] ::1 /AS_Education/index.php/Community/community/
INFO: [ app_init ] --START--
INFO: Run Behavior\BuildLiteBehavior [ RunTime:0.000023s ]
INFO: [ app_init ] --END-- [ RunTime:0.000400s ]

[ 2017-01-08T21:21:34+08:00 ] ::1 /AS_Education/index.php/Community/community/
INFO: [ app_init ] --START--
INFO: Run Behavior\BuildLiteBehavior [ RunTime:0.000022s ]
INFO: [ app_init ] --END-- [ RunTime:0.000440s ]

[ 2017-01-08T21:21:36+08:00 ] ::1 /AS_Education/index.php/Community/community/
INFO: [ app_init ] --START--
INFO: Run Behavior\BuildLiteBehavior [ RunTime:0.000032s ]
INFO: [ app_init ] --END-- [ RunTime:0.000429s ]

[ 2017-01-08T21:22:41+08:00 ] ::1 /AS_Education/index.php/Community/community/
INFO: [ app_init ] --START--
INFO: Run Behavior\BuildLiteBehavior [ RunTime:0.000023s ]
INFO: [ app_init ] --END-- [ RunTime:0.000417s ]

[ 2017-01-08T21:22:43+08:00 ] ::1 /AS_Education/index.php/Community/community/
INFO: [ app_init ] --START--
INFO: Run Behavior\BuildLiteBehavior [ RunTime:0.000023s ]
INFO: [ app_init ] --END-- [ RunTime:0.000396s ]

[ 2017-01-08T21:22:53+08:00 ] ::1 /AS_Education/index.php/Community/community/
INFO: [ app_init ] --START--
INFO: Run Behavior\BuildLiteBehavior [ RunTime:0.000022s ]
INFO: [ app_init ] --END-- [ RunTime:0.000482s ]

[ 2017-01-08T21:22:54+08:00 ] ::1 /AS_Education/index.php/Community/community/
INFO: [ app_init ] --START--
INFO: Run Behavior\BuildLiteBehavior [ RunTime:0.000025s ]
INFO: [ app_init ] --END-- [ RunTime:0.000428s ]

[ 2017-01-08T21:23:08+08:00 ] ::1 /AS_Education/index.php/Community/community/
INFO: [ app_init ] --START--
INFO: Run Behavior\BuildLiteBehavior [ RunTime:0.000023s ]
INFO: [ app_init ] --END-- [ RunTime:0.000436s ]

[ 2017-01-08T21:23:30+08:00 ] ::1 /AS_Education/index.php/Community/community/
INFO: [ app_init ] --START--
INFO: Run Behavior\BuildLiteBehavior [ RunTime:0.000022s ]
INFO: [ app_init ] --END-- [ RunTime:0.000397s ]

[ 2017-01-08T21:23:44+08:00 ] ::1 /AS_Education/index.php/Community/community/
INFO: [ app_init ] --START--
INFO: Run Behavior\BuildLiteBehavior [ RunTime:0.000022s ]
INFO: [ app_init ] --END-- [ RunTime:0.000422s ]

[ 2017-01-08T21:24:44+08:00 ] ::1 /AS_Education/index.php/Community/community/
INFO: [ app_init ] --START--
INFO: Run Behavior\BuildLiteBehavior [ RunTime:0.000022s ]
INFO: [ app_init ] --END-- [ RunTime:0.000402s ]

[ 2017-01-08T21:25:18+08:00 ] ::1 /AS_Education/index.php/Community/community/
INFO: [ app_init ] --START--
INFO: Run Behavior\BuildLiteBehavior [ RunTime:0.000021s ]
INFO: [ app_init ] --END-- [ RunTime:0.000385s ]

[ 2017-01-08T21:28:04+08:00 ] ::1 /AS_Education/index.php/Community/community/
INFO: [ app_init ] --START--
INFO: Run Behavior\BuildLiteBehavior [ RunTime:0.000033s ]
INFO: [ app_init ] --END-- [ RunTime:0.000664s ]

[ 2017-01-08T21:28:25+08:00 ] ::1 /AS_Education/index.php/Community/community/
INFO: [ app_init ] --START--
INFO: Run Behavior\BuildLiteBehavior [ RunTime:0.000023s ]
INFO: [ app_init ] --END-- [ RunTime:0.000409s ]

[ 2017-01-08T21:28:27+08:00 ] ::1 /AS_Education/index.php/Community/community/
INFO: [ app_init ] --START--
INFO: Run Behavior\BuildLiteBehavior [ RunTime:0.000024s ]
INFO: [ app_init ] --END-- [ RunTime:0.000444s ]

[ 2017-01-08T21:28:38+08:00 ] ::1 /AS_Education/index.php/Community/community/
INFO: [ app_init ] --START--
INFO: Run Behavior\BuildLiteBehavior [ RunTime:0.000023s ]
INFO: [ app_init ] --END-- [ RunTime:0.000450s ]

[ 2017-01-08T21:28:41+08:00 ] ::1 /AS_Education/index.php/Article/articleList/do/search.html?keyword=
INFO: [ app_init ] --START--
INFO: Run Behavior\BuildLiteBehavior [ RunTime:0.000024s ]
INFO: [ app_init ] --END-- [ RunTime:0.000490s ]

[ 2017-01-08T21:28:44+08:00 ] ::1 /AS_Education/index.php/Article/articleList/do/search.html?keyword=
INFO: [ app_init ] --START--
INFO: Run Behavior\BuildLiteBehavior [ RunTime:0.000033s ]
INFO: [ app_init ] --END-- [ RunTime:0.000429s ]

[ 2017-01-08T21:28:46+08:00 ] ::1 /AS_Education/index.php/Article/articleList/do/search.html?keyword=
INFO: [ app_init ] --START--
INFO: Run Behavior\BuildLiteBehavior [ RunTime:0.000024s ]
INFO: [ app_init ] --END-- [ RunTime:0.000404s ]

[ 2017-01-08T21:29:20+08:00 ] ::1 /AS_Education/index.php/Article/articleList/do/search.html?keyword=
INFO: [ app_init ] --START--
INFO: Run Behavior\BuildLiteBehavior [ RunTime:0.000023s ]
INFO: [ app_init ] --END-- [ RunTime:0.000384s ]

[ 2017-01-08T21:29:22+08:00 ] ::1 /AS_Education/index.php/Article/articleList/do/search.html?keyword=
INFO: [ app_init ] --START--
INFO: Run Behavior\BuildLiteBehavior [ RunTime:0.000024s ]
INFO: [ app_init ] --END-- [ RunTime:0.000400s ]

[ 2017-01-08T21:32:11+08:00 ] ::1 /AS_Education/index.php/Article/articleList/do/search.html?keyword=
INFO: [ app_init ] --START--
INFO: Run Behavior\BuildLiteBehavior [ RunTime:0.000027s ]
INFO: [ app_init ] --END-- [ RunTime:0.000434s ]

[ 2017-01-08T21:32:23+08:00 ] ::1 /AS_Education/index.php/Article/articleList/do/search.html?keyword=
INFO: [ app_init ] --START--
INFO: Run Behavior\BuildLiteBehavior [ RunTime:0.000024s ]
INFO: [ app_init ] --END-- [ RunTime:0.000392s ]

[ 2017-01-08T21:32:56+08:00 ] ::1 /AS_Education/index.php/Article/articleList/do/search.html?keyword=
INFO: [ app_init ] --START--
INFO: Run Behavior\BuildLiteBehavior [ RunTime:0.000042s ]
INFO: [ app_init ] --END-- [ RunTime:0.000639s ]

[ 2017-01-08T21:33:04+08:00 ] ::1 /AS_Education/index.php/Article/articleList/do/search.html?keyword=
INFO: [ app_init ] --START--
INFO: Run Behavior\BuildLiteBehavior [ RunTime:0.000022s ]
INFO: [ app_init ] --END-- [ RunTime:0.000412s ]

[ 2017-01-08T21:33:15+08:00 ] ::1 /AS_Education/index.php/Article/articleList/do/search.html?keyword=
INFO: [ app_init ] --START--
INFO: Run Behavior\BuildLiteBehavior [ RunTime:0.000094s ]
INFO: [ app_init ] --END-- [ RunTime:0.001124s ]

[ 2017-01-08T21:33:28+08:00 ] ::1 /AS_Education/index.php/Article/articleList/do/search.html?keyword=
INFO: [ app_init ] --START--
INFO: Run Behavior\BuildLiteBehavior [ RunTime:0.000024s ]
INFO: [ app_init ] --END-- [ RunTime:0.000398s ]

[ 2017-01-08T21:33:47+08:00 ] ::1 /AS_Education/index.php/Article/articleList/do/search.html?keyword=
INFO: [ app_init ] --START--
INFO: Run Behavior\BuildLiteBehavior [ RunTime:0.000022s ]
INFO: [ app_init ] --END-- [ RunTime:0.000389s ]

[ 2017-01-08T21:33:48+08:00 ] ::1 /AS_Education/index.php/Article/articleList/do/search.html?keyword=
INFO: [ app_init ] --START--
INFO: Run Behavior\BuildLiteBehavior [ RunTime:0.000045s ]
INFO: [ app_init ] --END-- [ RunTime:0.000594s ]

[ 2017-01-08T21:34:15+08:00 ] ::1 /AS_Education/index.php/Article/articleList/do/search.html?keyword=
INFO: [ app_init ] --START--
INFO: Run Behavior\BuildLiteBehavior [ RunTime:0.000024s ]
INFO: [ app_init ] --END-- [ RunTime:0.000426s ]

[ 2017-01-08T21:34:17+08:00 ] ::1 /AS_Education/index.php/Article/articleList/do/search.html?keyword=
INFO: [ app_init ] --START--
INFO: Run Behavior\BuildLiteBehavior [ RunTime:0.000025s ]
INFO: [ app_init ] --END-- [ RunTime:0.000435s ]

[ 2017-01-08T21:38:09+08:00 ] ::1 /AS_Education/index.php/Article/articleList/do/search.html?keyword=
INFO: [ app_init ] --START--
INFO: Run Behavior\BuildLiteBehavior [ RunTime:0.000023s ]
INFO: [ app_init ] --END-- [ RunTime:0.000391s ]

[ 2017-01-08T21:38:45+08:00 ] ::1 /AS_Education/index.php/Article/articleList/do/search.html?keyword=
INFO: [ app_init ] --START--
INFO: Run Behavior\BuildLiteBehavior [ RunTime:0.000023s ]
INFO: [ app_init ] --END-- [ RunTime:0.000398s ]

[ 2017-01-08T21:40:08+08:00 ] ::1 /AS_Education/index.php/Article/articleList/do/search.html?keyword=
INFO: [ app_init ] --START--
INFO: Run Behavior\BuildLiteBehavior [ RunTime:0.000023s ]
INFO: [ app_init ] --END-- [ RunTime:0.000404s ]

[ 2017-01-08T21:40:19+08:00 ] ::1 /AS_Education/index.php/Article/articleList/do/search.html?keyword=
INFO: [ app_init ] --START--
INFO: Run Behavior\BuildLiteBehavior [ RunTime:0.000026s ]
INFO: [ app_init ] --END-- [ RunTime:0.000405s ]

[ 2017-01-08T21:41:23+08:00 ] ::1 /AS_Education/index.php/Article/articleList/do/search.html?keyword=
INFO: [ app_init ] --START--
INFO: Run Behavior\BuildLiteBehavior [ RunTime:0.000022s ]
INFO: [ app_init ] --END-- [ RunTime:0.000426s ]

[ 2017-01-08T21:41:25+08:00 ] ::1 /AS_Education/index.php/Article/articleList/do/search.html?keyword=
INFO: [ app_init ] --START--
INFO: Run Behavior\BuildLiteBehavior [ RunTime:0.000023s ]
INFO: [ app_init ] --END-- [ RunTime:0.000393s ]

[ 2017-01-08T21:41:50+08:00 ] ::1 /AS_Education/index.php/Article/articleList/do/search.html?keyword=
INFO: [ app_init ] --START--
INFO: Run Behavior\BuildLiteBehavior [ RunTime:0.000023s ]
INFO: [ app_init ] --END-- [ RunTime:0.000404s ]

[ 2017-01-08T21:42:48+08:00 ] ::1 /AS_Education/index.php/Article/articleList/do/search.html?keyword=
INFO: [ app_init ] --START--
INFO: Run Behavior\BuildLiteBehavior [ RunTime:0.000023s ]
INFO: [ app_init ] --END-- [ RunTime:0.000453s ]

[ 2017-01-08T21:43:57+08:00 ] ::1 /AS_Education/index.php/Article/articleList/do/search.html?keyword=
INFO: [ app_init ] --START--
INFO: Run Behavior\BuildLiteBehavior [ RunTime:0.000023s ]
INFO: [ app_init ] --END-- [ RunTime:0.000422s ]

[ 2017-01-08T21:43:58+08:00 ] ::1 /AS_Education/index.php/Article/articleList/do/search.html?keyword=
INFO: [ app_init ] --START--
INFO: Run Behavior\BuildLiteBehavior [ RunTime:0.000023s ]
INFO: [ app_init ] --END-- [ RunTime:0.000397s ]

[ 2017-01-08T21:43:59+08:00 ] ::1 /AS_Education/index.php/Article/articleList/
INFO: [ app_init ] --START--
INFO: Run Behavior\BuildLiteBehavior [ RunTime:0.000023s ]
INFO: [ app_init ] --END-- [ RunTime:0.000414s ]

[ 2017-01-08T21:44:00+08:00 ] ::1 /AS_Education/index.php/Community/community/
INFO: [ app_init ] --START--
INFO: Run Behavior\BuildLiteBehavior [ RunTime:0.000022s ]
INFO: [ app_init ] --END-- [ RunTime:0.000392s ]

[ 2017-01-08T21:44:01+08:00 ] ::1 /AS_Education/index.php/Article/articleList/
INFO: [ app_init ] --START--
INFO: Run Behavior\BuildLiteBehavior [ RunTime:0.000022s ]
INFO: [ app_init ] --END-- [ RunTime:0.000416s ]

[ 2017-01-08T21:44:02+08:00 ] ::1 /AS_Education/index.php/Community/community/
INFO: [ app_init ] --START--
INFO: Run Behavior\BuildLiteBehavior [ RunTime:0.000025s ]
INFO: [ app_init ] --END-- [ RunTime:0.000526s ]

[ 2017-01-08T21:44:02+08:00 ] ::1 /AS_Education/index.php/Article/articleList/
INFO: [ app_init ] --START--
INFO: Run Behavior\BuildLiteBehavior [ RunTime:0.000024s ]
INFO: [ app_init ] --END-- [ RunTime:0.000408s ]

[ 2017-01-08T21:44:03+08:00 ] ::1 /AS_Education/index.php/Course/course/
INFO: [ app_init ] --START--
INFO: Run Behavior\BuildLiteBehavior [ RunTime:0.000025s ]
INFO: [ app_init ] --END-- [ RunTime:0.000462s ]

[ 2017-01-08T21:44:04+08:00 ] ::1 /AS_Education/index.php/Index/index/
INFO: [ app_init ] --START--
INFO: Run Behavior\BuildLiteBehavior [ RunTime:0.000038s ]
INFO: [ app_init ] --END-- [ RunTime:0.000639s ]

[ 2017-01-08T21:44:04+08:00 ] ::1 /AS_Education/index.php/Article/articleList/
INFO: [ app_init ] --START--
INFO: Run Behavior\BuildLiteBehavior [ RunTime:0.000026s ]
INFO: [ app_init ] --END-- [ RunTime:0.000526s ]

[ 2017-01-08T21:44:05+08:00 ] ::1 /AS_Education/index.php/Community/community/
INFO: [ app_init ] --START--
INFO: Run Behavior\BuildLiteBehavior [ RunTime:0.000023s ]
INFO: [ app_init ] --END-- [ RunTime:0.000441s ]

[ 2017-01-08T21:44:06+08:00 ] ::1 /AS_Education/index.php/Article/articleList/
INFO: [ app_init ] --START--
INFO: Run Behavior\BuildLiteBehavior [ RunTime:0.000022s ]
INFO: [ app_init ] --END-- [ RunTime:0.000395s ]

[ 2017-01-08T21:44:08+08:00 ] ::1 /AS_Education/index.php/Article/articleList/
INFO: [ app_init ] --START--
INFO: Run Behavior\BuildLiteBehavior [ RunTime:0.000024s ]
INFO: [ app_init ] --END-- [ RunTime:0.000437s ]

[ 2017-01-08T21:44:09+08:00 ] ::1 /AS_Education/index.php/Community/community/
INFO: [ app_init ] --START--
INFO: Run Behavior\BuildLiteBehavior [ RunTime:0.000021s ]
INFO: [ app_init ] --END-- [ RunTime:0.000435s ]

[ 2017-01-08T21:44:10+08:00 ] ::1 /AS_Education/index.php/Article/articleList/
INFO: [ app_init ] --START--
INFO: Run Behavior\BuildLiteBehavior [ RunTime:0.000023s ]
INFO: [ app_init ] --END-- [ RunTime:0.000445s ]

[ 2017-01-08T21:44:11+08:00 ] ::1 /AS_Education/index.php/Course/course/
INFO: [ app_init ] --START--
INFO: Run Behavior\BuildLiteBehavior [ RunTime:0.000023s ]
INFO: [ app_init ] --END-- [ RunTime:0.000392s ]

[ 2017-01-08T21:44:11+08:00 ] ::1 /AS_Education/index.php/Index/index/
INFO: [ app_init ] --START--
INFO: Run Behavior\BuildLiteBehavior [ RunTime:0.000026s ]
INFO: [ app_init ] --END-- [ RunTime:0.000478s ]

[ 2017-01-08T21:44:12+08:00 ] ::1 /AS_Education/index.php/Article/articleList/
INFO: [ app_init ] --START--
INFO: Run Behavior\BuildLiteBehavior [ RunTime:0.000023s ]
INFO: [ app_init ] --END-- [ RunTime:0.000399s ]

[ 2017-01-08T21:44:13+08:00 ] ::1 /AS_Education/index.php/Course/course/
INFO: [ app_init ] --START--
INFO: Run Behavior\BuildLiteBehavior [ RunTime:0.000022s ]
INFO: [ app_init ] --END-- [ RunTime:0.000414s ]

[ 2017-01-08T21:44:13+08:00 ] ::1 /AS_Education/index.php/Article/articleList/
INFO: [ app_init ] --START--
INFO: Run Behavior\BuildLiteBehavior [ RunTime:0.000027s ]
INFO: [ app_init ] --END-- [ RunTime:0.000485s ]

[ 2017-01-08T21:44:14+08:00 ] ::1 /AS_Education/index.php/Community/community/
INFO: [ app_init ] --START--
INFO: Run Behavior\BuildLiteBehavior [ RunTime:0.000024s ]
INFO: [ app_init ] --END-- [ RunTime:0.000403s ]

[ 2017-01-08T21:44:16+08:00 ] ::1 /AS_Education/index.php/Index/index/
INFO: [ app_init ] --START--
INFO: Run Behavior\BuildLiteBehavior [ RunTime:0.000043s ]
INFO: [ app_init ] --END-- [ RunTime:0.000431s ]

[ 2017-01-08T21:44:17+08:00 ] ::1 /AS_Education/index.php/Article/articleList/
INFO: [ app_init ] --START--
INFO: Run Behavior\BuildLiteBehavior [ RunTime:0.000028s ]
INFO: [ app_init ] --END-- [ RunTime:0.000436s ]

[ 2017-01-08T21:44:20+08:00 ] ::1 /AS_Education/index.php/Article/articleList/do/search.html?keyword=
INFO: [ app_init ] --START--
INFO: Run Behavior\BuildLiteBehavior [ RunTime:0.000028s ]
INFO: [ app_init ] --END-- [ RunTime:0.000657s ]

[ 2017-01-08T21:44:21+08:00 ] ::1 /AS_Education/index.php/Article/articleList/do/search.html?keyword=
INFO: [ app_init ] --START--
INFO: Run Behavior\BuildLiteBehavior [ RunTime:0.000022s ]
INFO: [ app_init ] --END-- [ RunTime:0.000413s ]

[ 2017-01-08T21:44:22+08:00 ] ::1 /AS_Education/index.php/Article/articleList/do/search.html?keyword=
INFO: [ app_init ] --START--
INFO: Run Behavior\BuildLiteBehavior [ RunTime:0.000023s ]
INFO: [ app_init ] --END-- [ RunTime:0.000429s ]

[ 2017-01-08T21:45:32+08:00 ] ::1 /AS_Education/index.php/Article/articleList/do/search.html?keyword=
INFO: [ app_init ] --START--
INFO: Run Behavior\BuildLiteBehavior [ RunTime:0.000040s ]
INFO: [ app_init ] --END-- [ RunTime:0.000680s ]

[ 2017-01-08T21:45:34+08:00 ] ::1 /AS_Education/index.php/Article/articleList/do/search.html?keyword=
INFO: [ app_init ] --START--
INFO: Run Behavior\BuildLiteBehavior [ RunTime:0.000022s ]
INFO: [ app_init ] --END-- [ RunTime:0.000453s ]

[ 2017-01-08T21:45:36+08:00 ] ::1 /AS_Education/index.php/Article/articleList/do/search.html?keyword=
INFO: [ app_init ] --START--
INFO: Run Behavior\BuildLiteBehavior [ RunTime:0.000024s ]
INFO: [ app_init ] --END-- [ RunTime:0.000417s ]

[ 2017-01-08T21:46:05+08:00 ] ::1 /AS_Education/index.php/Article/articleList/do/search.html?keyword=
INFO: [ app_init ] --START--
INFO: Run Behavior\BuildLiteBehavior [ RunTime:0.000023s ]
INFO: [ app_init ] --END-- [ RunTime:0.000406s ]

[ 2017-01-08T21:46:14+08:00 ] ::1 /AS_Education/index.php/Article/articleList/do/search.html?keyword=
INFO: [ app_init ] --START--
INFO: Run Behavior\BuildLiteBehavior [ RunTime:0.000022s ]
INFO: [ app_init ] --END-- [ RunTime:0.000424s ]

[ 2017-01-08T21:46:26+08:00 ] ::1 /AS_Education/index.php/Article/articleList/do/search.html?keyword=
INFO: [ app_init ] --START--
INFO: Run Behavior\BuildLiteBehavior [ RunTime:0.000049s ]
INFO: [ app_init ] --END-- [ RunTime:0.000610s ]

[ 2017-01-08T21:46:35+08:00 ] ::1 /AS_Education/index.php/Article/articleList/do/search.html?keyword=
INFO: [ app_init ] --START--
INFO: Run Behavior\BuildLiteBehavior [ RunTime:0.000023s ]
INFO: [ app_init ] --END-- [ RunTime:0.000405s ]

[ 2017-01-08T21:46:57+08:00 ] ::1 /AS_Education/index.php/Article/articleList/do/search.html?keyword=
INFO: [ app_init ] --START--
INFO: Run Behavior\BuildLiteBehavior [ RunTime:0.000026s ]
INFO: [ app_init ] --END-- [ RunTime:0.000455s ]

[ 2017-01-08T21:46:59+08:00 ] ::1 /AS_Education/index.php/Article/articleList/do/search.html?keyword=
INFO: [ app_init ] --START--
INFO: Run Behavior\BuildLiteBehavior [ RunTime:0.000021s ]
INFO: [ app_init ] --END-- [ RunTime:0.000378s ]

[ 2017-01-08T21:47:16+08:00 ] ::1 /AS_Education/index.php/Article/articleList/do/search.html?keyword=
INFO: [ app_init ] --START--
INFO: Run Behavior\BuildLiteBehavior [ RunTime:0.000039s ]
INFO: [ app_init ] --END-- [ RunTime:0.000412s ]

[ 2017-01-08T21:47:18+08:00 ] ::1 /AS_Education/index.php/Article/articleList/do/search.html?keyword=
INFO: [ app_init ] --START--
INFO: Run Behavior\BuildLiteBehavior [ RunTime:0.000025s ]
INFO: [ app_init ] --END-- [ RunTime:0.000402s ]

[ 2017-01-08T21:49:11+08:00 ] ::1 /AS_Education/index.php/Article/articleList/do/search.html?keyword=
INFO: [ app_init ] --START--
INFO: Run Behavior\BuildLiteBehavior [ RunTime:0.000025s ]
INFO: [ app_init ] --END-- [ RunTime:0.000440s ]

[ 2017-01-08T21:49:13+08:00 ] ::1 /AS_Education/index.php/Article/articleList/do/search.html?keyword=
INFO: [ app_init ] --START--
INFO: Run Behavior\BuildLiteBehavior [ RunTime:0.000024s ]
INFO: [ app_init ] --END-- [ RunTime:0.000386s ]

[ 2017-01-08T21:49:14+08:00 ] ::1 /AS_Education/index.php/Article/articleList/do/search.html?keyword=
INFO: [ app_init ] --START--
INFO: Run Behavior\BuildLiteBehavior [ RunTime:0.000025s ]
INFO: [ app_init ] --END-- [ RunTime:0.000413s ]

[ 2017-01-08T22:05:11+08:00 ] ::1 /AS_Education/index.php/Article/articleList/do/search.html?keyword=
INFO: [ app_init ] --START--
INFO: Run Behavior\BuildLiteBehavior [ RunTime:0.000022s ]
INFO: [ app_init ] --END-- [ RunTime:0.000452s ]

[ 2017-01-08T22:05:13+08:00 ] ::1 /AS_Education/index.php/Article/articleList/do/search.html?keyword=
INFO: [ app_init ] --START--
INFO: Run Behavior\BuildLiteBehavior [ RunTime:0.000026s ]
INFO: [ app_init ] --END-- [ RunTime:0.000627s ]

[ 2017-01-08T22:05:15+08:00 ] ::1 /AS_Education/index.php/Article/articleList/do/search.html?keyword=
INFO: [ app_init ] --START--
INFO: Run Behavior\BuildLiteBehavior [ RunTime:0.000028s ]
INFO: [ app_init ] --END-- [ RunTime:0.000462s ]

[ 2017-01-08T22:08:18+08:00 ] ::1 /AS_Education/index.php/Article/articleList/do/search.html?keyword=
INFO: [ app_init ] --START--
INFO: Run Behavior\BuildLiteBehavior [ RunTime:0.000023s ]
INFO: [ app_init ] --END-- [ RunTime:0.000397s ]

[ 2017-01-08T22:08:20+08:00 ] ::1 /AS_Education/index.php/Article/articleList/do/search.html?keyword=
INFO: [ app_init ] --START--
INFO: Run Behavior\BuildLiteBehavior [ RunTime:0.000024s ]
INFO: [ app_init ] --END-- [ RunTime:0.000409s ]

[ 2017-01-08T22:08:26+08:00 ] ::1 /AS_Education/index.php/Article/articleList/do/search.html?keyword=
INFO: [ app_init ] --START--
INFO: Run Behavior\BuildLiteBehavior [ RunTime:0.000032s ]
INFO: [ app_init ] --END-- [ RunTime:0.000435s ]

[ 2017-01-08T22:08:56+08:00 ] ::1 /AS_Education/index.php/Article/articleList/do/search.html?keyword=
INFO: [ app_init ] --START--
INFO: Run Behavior\BuildLiteBehavior [ RunTime:0.000023s ]
INFO: [ app_init ] --END-- [ RunTime:0.000403s ]

[ 2017-01-08T22:08:58+08:00 ] ::1 /AS_Education/index.php/Article/articleList/do/search.html?keyword=
INFO: [ app_init ] --START--
INFO: Run Behavior\BuildLiteBehavior [ RunTime:0.000026s ]
INFO: [ app_init ] --END-- [ RunTime:0.000473s ]

[ 2017-01-08T22:09:18+08:00 ] ::1 /AS_Education/index.php/Article/articleList/do/search.html?keyword=
INFO: [ app_init ] --START--
INFO: Run Behavior\BuildLiteBehavior [ RunTime:0.000023s ]
INFO: [ app_init ] --END-- [ RunTime:0.000437s ]

[ 2017-01-08T22:09:21+08:00 ] ::1 /AS_Education/index.php/Course/course/
INFO: [ app_init ] --START--
INFO: Run Behavior\BuildLiteBehavior [ RunTime:0.000022s ]
INFO: [ app_init ] --END-- [ RunTime:0.000389s ]

[ 2017-01-08T22:09:22+08:00 ] ::1 /AS_Education/index.php/Community/community/
INFO: [ app_init ] --START--
INFO: Run Behavior\BuildLiteBehavior [ RunTime:0.000022s ]
INFO: [ app_init ] --END-- [ RunTime:0.000388s ]

[ 2017-01-08T22:09:48+08:00 ] ::1 /AS_Education/index.php/Community/community/
INFO: [ app_init ] --START--
INFO: Run Behavior\BuildLiteBehavior [ RunTime:0.000022s ]
INFO: [ app_init ] --END-- [ RunTime:0.000406s ]

[ 2017-01-08T22:10:16+08:00 ] ::1 /AS_Education/index.php/Community/community/
INFO: [ app_init ] --START--
INFO: Run Behavior\BuildLiteBehavior [ RunTime:0.000021s ]
INFO: [ app_init ] --END-- [ RunTime:0.000414s ]

[ 2017-01-08T22:10:23+08:00 ] ::1 /AS_Education/index.php/Community/community/
INFO: [ app_init ] --START--
INFO: Run Behavior\BuildLiteBehavior [ RunTime:0.000022s ]
INFO: [ app_init ] --END-- [ RunTime:0.000392s ]

[ 2017-01-08T22:10:29+08:00 ] ::1 /AS_Education/index.php/Article/articleList/
INFO: [ app_init ] --START--
INFO: Run Behavior\BuildLiteBehavior [ RunTime:0.000039s ]
INFO: [ app_init ] --END-- [ RunTime:0.000648s ]

[ 2017-01-08T22:10:30+08:00 ] ::1 /AS_Education/index.php/Community/community/
INFO: [ app_init ] --START--
INFO: Run Behavior\BuildLiteBehavior [ RunTime:0.000026s ]
INFO: [ app_init ] --END-- [ RunTime:0.000432s ]

[ 2017-01-08T22:10:31+08:00 ] ::1 /AS_Education/index.php/Index/index/
INFO: [ app_init ] --START--
INFO: Run Behavior\BuildLiteBehavior [ RunTime:0.000023s ]
INFO: [ app_init ] --END-- [ RunTime:0.000391s ]

[ 2017-01-08T22:10:33+08:00 ] ::1 /AS_Education/index.php/Article/articleList/
INFO: [ app_init ] --START--
INFO: Run Behavior\BuildLiteBehavior [ RunTime:0.000029s ]
INFO: [ app_init ] --END-- [ RunTime:0.001260s ]

[ 2017-01-08T22:10:34+08:00 ] ::1 /AS_Education/index.php/Community/community/
INFO: [ app_init ] --START--
INFO: Run Behavior\BuildLiteBehavior [ RunTime:0.000022s ]
INFO: [ app_init ] --END-- [ RunTime:0.000378s ]

[ 2017-01-08T22:10:37+08:00 ] ::1 /AS_Education/index.php/Index/index/
INFO: [ app_init ] --START--
INFO: Run Behavior\BuildLiteBehavior [ RunTime:0.000024s ]
INFO: [ app_init ] --END-- [ RunTime:0.000409s ]

[ 2017-01-08T22:10:37+08:00 ] ::1 /AS_Education/index.php/Course/course/
INFO: [ app_init ] --START--
INFO: Run Behavior\BuildLiteBehavior [ RunTime:0.000037s ]
INFO: [ app_init ] --END-- [ RunTime:0.000608s ]

[ 2017-01-08T22:10:38+08:00 ] ::1 /AS_Education/index.php/Article/articleList/
INFO: [ app_init ] --START--
INFO: Run Behavior\BuildLiteBehavior [ RunTime:0.000023s ]
INFO: [ app_init ] --END-- [ RunTime:0.000429s ]

[ 2017-01-08T22:10:38+08:00 ] ::1 /AS_Education/index.php/Community/community/
INFO: [ app_init ] --START--
INFO: Run Behavior\BuildLiteBehavior [ RunTime:0.000023s ]
INFO: [ app_init ] --END-- [ RunTime:0.000424s ]

[ 2017-01-08T22:10:40+08:00 ] ::1 /AS_Education/index.php/Index/index/
INFO: [ app_init ] --START--
INFO: Run Behavior\BuildLiteBehavior [ RunTime:0.000025s ]
INFO: [ app_init ] --END-- [ RunTime:0.000412s ]

[ 2017-01-08T22:10:41+08:00 ] ::1 /AS_Education/index.php/Course/course/
INFO: [ app_init ] --START--
INFO: Run Behavior\BuildLiteBehavior [ RunTime:0.000023s ]
INFO: [ app_init ] --END-- [ RunTime:0.000385s ]

[ 2017-01-08T22:10:42+08:00 ] ::1 /AS_Education/index.php/Article/articleList/
INFO: [ app_init ] --START--
INFO: Run Behavior\BuildLiteBehavior [ RunTime:0.000024s ]
INFO: [ app_init ] --END-- [ RunTime:0.000434s ]

[ 2017-01-08T22:10:43+08:00 ] ::1 /AS_Education/index.php/Community/community/
INFO: [ app_init ] --START--
INFO: Run Behavior\BuildLiteBehavior [ RunTime:0.000023s ]
INFO: [ app_init ] --END-- [ RunTime:0.000440s ]

[ 2017-01-08T22:10:45+08:00 ] ::1 /AS_Education/index.php/Index/index/
INFO: [ app_init ] --START--
INFO: Run Behavior\BuildLiteBehavior [ RunTime:0.000024s ]
INFO: [ app_init ] --END-- [ RunTime:0.000458s ]

[ 2017-01-08T22:13:23+08:00 ] ::1 /AS_Education/index.php/Index/index/
INFO: [ app_init ] --START--
INFO: Run Behavior\BuildLiteBehavior [ RunTime:0.000024s ]
INFO: [ app_init ] --END-- [ RunTime:0.000404s ]

[ 2017-01-08T22:13:25+08:00 ] ::1 /AS_Education/index.php/Article/articleList/
INFO: [ app_init ] --START--
INFO: Run Behavior\BuildLiteBehavior [ RunTime:0.000023s ]
INFO: [ app_init ] --END-- [ RunTime:0.000407s ]

[ 2017-01-08T22:14:22+08:00 ] ::1 /AS_Education/index.php/Article/articleList/
INFO: [ app_init ] --START--
INFO: Run Behavior\BuildLiteBehavior [ RunTime:0.000027s ]
INFO: [ app_init ] --END-- [ RunTime:0.000415s ]

[ 2017-01-08T22:15:16+08:00 ] ::1 /AS_Education/index.php/Article/articleList/
INFO: [ app_init ] --START--
INFO: Run Behavior\BuildLiteBehavior [ RunTime:0.000029s ]
INFO: [ app_init ] --END-- [ RunTime:0.000446s ]

[ 2017-01-08T22:15:57+08:00 ] ::1 /AS_Education/index.php/Article/articleList/
INFO: [ app_init ] --START--
INFO: Run Behavior\BuildLiteBehavior [ RunTime:0.000023s ]
INFO: [ app_init ] --END-- [ RunTime:0.000442s ]

[ 2017-01-08T22:16:43+08:00 ] ::1 /AS_Education/index.php/Article/articleList/
INFO: [ app_init ] --START--
INFO: Run Behavior\BuildLiteBehavior [ RunTime:0.000028s ]
INFO: [ app_init ] --END-- [ RunTime:0.000548s ]

[ 2017-01-08T22:16:54+08:00 ] ::1 /AS_Education/index.php/Article/articleList/
INFO: [ app_init ] --START--
INFO: Run Behavior\BuildLiteBehavior [ RunTime:0.000027s ]
INFO: [ app_init ] --END-- [ RunTime:0.000397s ]

[ 2017-01-08T22:17:42+08:00 ] ::1 /AS_Education/index.php/Article/articleList/
INFO: [ app_init ] --START--
INFO: Run Behavior\BuildLiteBehavior [ RunTime:0.000024s ]
INFO: [ app_init ] --END-- [ RunTime:0.000409s ]

[ 2017-01-08T22:19:23+08:00 ] ::1 /AS_Education/index.php/Article/articleList/
INFO: [ app_init ] --START--
INFO: Run Behavior\BuildLiteBehavior [ RunTime:0.000022s ]
INFO: [ app_init ] --END-- [ RunTime:0.000396s ]

[ 2017-01-08T22:21:04+08:00 ] ::1 /AS_Education/index.php/Article/articleList/
INFO: [ app_init ] --START--
INFO: Run Behavior\BuildLiteBehavior [ RunTime:0.000023s ]
INFO: [ app_init ] --END-- [ RunTime:0.000373s ]

[ 2017-01-08T22:21:06+08:00 ] ::1 /AS_Education/index.php/Article/articleList/
INFO: [ app_init ] --START--
INFO: Run Behavior\BuildLiteBehavior [ RunTime:0.000025s ]
INFO: [ app_init ] --END-- [ RunTime:0.000455s ]

[ 2017-01-08T22:21:44+08:00 ] ::1 /AS_Education/index.php/Article/articleList/
INFO: [ app_init ] --START--
INFO: Run Behavior\BuildLiteBehavior [ RunTime:0.000022s ]
INFO: [ app_init ] --END-- [ RunTime:0.000393s ]

[ 2017-01-08T22:22:06+08:00 ] ::1 /AS_Education/index.php/Article/articleList/
INFO: [ app_init ] --START--
INFO: Run Behavior\BuildLiteBehavior [ RunTime:0.000026s ]
INFO: [ app_init ] --END-- [ RunTime:0.000478s ]

[ 2017-01-08T22:23:16+08:00 ] ::1 /AS_Education/index.php/Article/articleList/
INFO: [ app_init ] --START--
INFO: Run Behavior\BuildLiteBehavior [ RunTime:0.000032s ]
INFO: [ app_init ] --END-- [ RunTime:0.000403s ]

[ 2017-01-08T22:48:22+08:00 ] ::1 /AS_Education/index.php/Index/index/
INFO: [ app_init ] --START--
INFO: Run Behavior\BuildLiteBehavior [ RunTime:0.000047s ]
INFO: [ app_init ] --END-- [ RunTime:0.000552s ]

[ 2017-01-08T22:48:22+08:00 ] ::1 /AS_Education/Public/css/__PUBLIC__/images/icon-search.png
INFO: [ app_init ] --START--
INFO: Run Behavior\BuildLiteBehavior [ RunTime:0.000025s ]
INFO: [ app_init ] --END-- [ RunTime:0.000414s ]

[ 2017-01-08T22:48:24+08:00 ] ::1 /AS_Education/index.php/Artis_formcle/articleList/do/search.html?s=Enter+Keyword&submit=
INFO: [ app_init ] --START--
INFO: Run Behavior\BuildLiteBehavior [ RunTime:0.000026s ]
INFO: [ app_init ] --END-- [ RunTime:0.000448s ]
ERR: :Enter Keyword

[ 2017-01-08T22:48:49+08:00 ] ::1 /AS_Education/index.php/Artis_formcle/articleList/do/search.html?s=Enter+Keyword&submit=
INFO: [ app_init ] --START--
INFO: Run Behavior\BuildLiteBehavior [ RunTime:0.000023s ]
INFO: [ app_init ] --END-- [ RunTime:0.000407s ]
ERR: :Enter Keyword

[ 2017-01-08T22:49:01+08:00 ] ::1 /AS_Education/index.php/Article/articleList/
INFO: [ app_init ] --START--
INFO: Run Behavior\BuildLiteBehavior [ RunTime:0.000024s ]
INFO: [ app_init ] --END-- [ RunTime:0.000394s ]

[ 2017-01-08T22:49:02+08:00 ] ::1 /AS_Education/index.php/Course/course/
INFO: [ app_init ] --START--
INFO: Run Behavior\BuildLiteBehavior [ RunTime:0.000024s ]
INFO: [ app_init ] --END-- [ RunTime:0.000442s ]

[ 2017-01-08T22:49:06+08:00 ] ::1 /AS_Education/index.php/Index/index/
INFO: [ app_init ] --START--
INFO: Run Behavior\BuildLiteBehavior [ RunTime:0.000023s ]
INFO: [ app_init ] --END-- [ RunTime:0.000408s ]

[ 2017-01-08T22:49:52+08:00 ] ::1 /AS_Education/index.php/Artis_formcle/articleList/do/search.html?s=Enter+Keyword&submit=
INFO: [ app_init ] --START--
INFO: Run Behavior\BuildLiteBehavior [ RunTime:0.000026s ]
INFO: [ app_init ] --END-- [ RunTime:0.000521s ]
ERR: :Enter Keyword

[ 2017-01-08T22:52:55+08:00 ] ::1 /AS_Education/index.php/Index/index/
INFO: [ app_init ] --START--
INFO: Run Behavior\BuildLiteBehavior [ RunTime:0.000025s ]
INFO: [ app_init ] --END-- [ RunTime:0.000461s ]

[ 2017-01-08T22:52:56+08:00 ] ::1 /AS_Education/index.php/Course/course/
INFO: [ app_init ] --START--
INFO: Run Behavior\BuildLiteBehavior [ RunTime:0.000023s ]
INFO: [ app_init ] --END-- [ RunTime:0.000406s ]

[ 2017-01-08T22:52:57+08:00 ] ::1 /AS_Education/index.php/Article/articleList/
INFO: [ app_init ] --START--
INFO: Run Behavior\BuildLiteBehavior [ RunTime:0.000022s ]
INFO: [ app_init ] --END-- [ RunTime:0.000379s ]

[ 2017-01-08T22:52:58+08:00 ] ::1 /AS_Education/index.php/Community/community/
INFO: [ app_init ] --START--
INFO: Run Behavior\BuildLiteBehavior [ RunTime:0.000023s ]
INFO: [ app_init ] --END-- [ RunTime:0.000403s ]

[ 2017-01-08T22:53:00+08:00 ] ::1 /AS_Education/index.php/Article/articleList/
INFO: [ app_init ] --START--
INFO: Run Behavior\BuildLiteBehavior [ RunTime:0.000025s ]
INFO: [ app_init ] --END-- [ RunTime:0.000406s ]

[ 2017-01-08T22:53:01+08:00 ] ::1 /AS_Education/index.php/Index/index/
INFO: [ app_init ] --START--
INFO: Run Behavior\BuildLiteBehavior [ RunTime:0.000022s ]
INFO: [ app_init ] --END-- [ RunTime:0.000388s ]

[ 2017-01-08T22:53:17+08:00 ] ::1 /AS_Education/index.php/Artis_formcle/articleList/do/search.html?s=Enter+Keyword&submit=
INFO: [ app_init ] --START--
INFO: Run Behavior\BuildLiteBehavior [ RunTime:0.000025s ]
INFO: [ app_init ] --END-- [ RunTime:0.000424s ]
ERR: :Enter Keyword

[ 2017-01-08T22:57:39+08:00 ] ::1 /AS_Education/index.php/Index/index/
INFO: [ app_init ] --START--
INFO: Run Behavior\BuildLiteBehavior [ RunTime:0.000023s ]
INFO: [ app_init ] --END-- [ RunTime:0.000370s ]

[ 2017-01-08T22:57:53+08:00 ] ::1 /AS_Education/index.php/Index/index/
INFO: [ app_init ] --START--
INFO: Run Behavior\BuildLiteBehavior [ RunTime:0.000023s ]
INFO: [ app_init ] --END-- [ RunTime:0.000380s ]

[ 2017-01-08T22:58:08+08:00 ] ::1 /AS_Education/index.php/Index/index/
INFO: [ app_init ] --START--
INFO: Run Behavior\BuildLiteBehavior [ RunTime:0.000031s ]
INFO: [ app_init ] --END-- [ RunTime:0.000398s ]

[ 2017-01-08T22:58:20+08:00 ] ::1 /AS_Education/index.php/Index/index/
INFO: [ app_init ] --START--
INFO: Run Behavior\BuildLiteBehavior [ RunTime:0.000023s ]
INFO: [ app_init ] --END-- [ RunTime:0.000396s ]

[ 2017-01-08T22:58:31+08:00 ] ::1 /AS_Education/index.php/Index/index/
INFO: [ app_init ] --START--
INFO: Run Behavior\BuildLiteBehavior [ RunTime:0.000022s ]
INFO: [ app_init ] --END-- [ RunTime:0.000374s ]

[ 2017-01-08T22:58:44+08:00 ] ::1 /AS_Education/index.php/Index/index/
INFO: [ app_init ] --START--
INFO: Run Behavior\BuildLiteBehavior [ RunTime:0.000022s ]
INFO: [ app_init ] --END-- [ RunTime:0.000370s ]

[ 2017-01-08T22:59:40+08:00 ] ::1 /AS_Education/index.php/Course/course/
INFO: [ app_init ] --START--
INFO: Run Behavior\BuildLiteBehavior [ RunTime:0.000026s ]
INFO: [ app_init ] --END-- [ RunTime:0.000393s ]

[ 2017-01-08T22:59:41+08:00 ] ::1 /AS_Education/index.php/Article/articleList/
INFO: [ app_init ] --START--
INFO: Run Behavior\BuildLiteBehavior [ RunTime:0.000049s ]
INFO: [ app_init ] --END-- [ RunTime:0.000660s ]

[ 2017-01-08T22:59:43+08:00 ] ::1 /AS_Education/index.php/Community/community/
INFO: [ app_init ] --START--
INFO: Run Behavior\BuildLiteBehavior [ RunTime:0.000024s ]
INFO: [ app_init ] --END-- [ RunTime:0.000430s ]

[ 2017-01-08T22:59:44+08:00 ] ::1 /AS_Education/index.php/Article/articleList/
INFO: [ app_init ] --START--
INFO: Run Behavior\BuildLiteBehavior [ RunTime:0.000024s ]
INFO: [ app_init ] --END-- [ RunTime:0.000394s ]

[ 2017-01-08T22:59:45+08:00 ] ::1 /AS_Education/index.php/Course/course/
INFO: [ app_init ] --START--
INFO: Run Behavior\BuildLiteBehavior [ RunTime:0.000033s ]
INFO: [ app_init ] --END-- [ RunTime:0.000396s ]

[ 2017-01-08T22:59:46+08:00 ] ::1 /AS_Education/index.php/Index/index/
INFO: [ app_init ] --START--
INFO: Run Behavior\BuildLiteBehavior [ RunTime:0.000022s ]
INFO: [ app_init ] --END-- [ RunTime:0.000374s ]

[ 2017-01-08T22:59:46+08:00 ] ::1 /AS_Education/index.php/Article/articleList/
INFO: [ app_init ] --START--
INFO: Run Behavior\BuildLiteBehavior [ RunTime:0.000032s ]
INFO: [ app_init ] --END-- [ RunTime:0.000391s ]

[ 2017-01-08T23:02:24+08:00 ] ::1 /AS_Education/index.php/Article/articleList/
INFO: [ app_init ] --START--
INFO: Run Behavior\BuildLiteBehavior [ RunTime:0.000022s ]
INFO: [ app_init ] --END-- [ RunTime:0.000381s ]

[ 2017-01-08T23:02:28+08:00 ] ::1 /AS_Education/index.php/Index/index/
INFO: [ app_init ] --START--
INFO: Run Behavior\BuildLiteBehavior [ RunTime:0.000034s ]
INFO: [ app_init ] --END-- [ RunTime:0.000521s ]

[ 2017-01-08T23:02:29+08:00 ] ::1 /AS_Education/index.php/Course/course/
INFO: [ app_init ] --START--
INFO: Run Behavior\BuildLiteBehavior [ RunTime:0.000023s ]
INFO: [ app_init ] --END-- [ RunTime:0.000402s ]

[ 2017-01-08T23:02:30+08:00 ] ::1 /AS_Education/index.php/Article/articleList/
INFO: [ app_init ] --START--
INFO: Run Behavior\BuildLiteBehavior [ RunTime:0.000022s ]
INFO: [ app_init ] --END-- [ RunTime:0.000397s ]

[ 2017-01-08T23:02:37+08:00 ] ::1 /AS_Education/index.php/Course/course/
INFO: [ app_init ] --START--
INFO: Run Behavior\BuildLiteBehavior [ RunTime:0.000024s ]
INFO: [ app_init ] --END-- [ RunTime:0.000418s ]

[ 2017-01-08T23:02:38+08:00 ] ::1 /AS_Education/index.php/Index/index/
INFO: [ app_init ] --START--
INFO: Run Behavior\BuildLiteBehavior [ RunTime:0.000023s ]
INFO: [ app_init ] --END-- [ RunTime:0.000407s ]

[ 2017-01-08T23:02:39+08:00 ] ::1 /AS_Education/index.php/Community/community/
INFO: [ app_init ] --START--
INFO: Run Behavior\BuildLiteBehavior [ RunTime:0.000030s ]
INFO: [ app_init ] --END-- [ RunTime:0.000405s ]

[ 2017-01-08T23:02:39+08:00 ] ::1 /AS_Education/index.php/Article/articleList/
INFO: [ app_init ] --START--
INFO: Run Behavior\BuildLiteBehavior [ RunTime:0.000022s ]
INFO: [ app_init ] --END-- [ RunTime:0.000375s ]

[ 2017-01-08T23:02:40+08:00 ] ::1 /AS_Education/index.php/Course/course/
INFO: [ app_init ] --START--
INFO: Run Behavior\BuildLiteBehavior [ RunTime:0.000024s ]
INFO: [ app_init ] --END-- [ RunTime:0.000417s ]

[ 2017-01-08T23:02:41+08:00 ] ::1 /AS_Education/index.php/Article/articleList/
INFO: [ app_init ] --START--
INFO: Run Behavior\BuildLiteBehavior [ RunTime:0.000024s ]
INFO: [ app_init ] --END-- [ RunTime:0.000415s ]

[ 2017-01-08T23:02:44+08:00 ] ::1 /AS_Education/index.php/Community/community/
INFO: [ app_init ] --START--
INFO: Run Behavior\BuildLiteBehavior [ RunTime:0.000024s ]
INFO: [ app_init ] --END-- [ RunTime:0.000398s ]

[ 2017-01-08T23:02:47+08:00 ] ::1 /AS_Education/index.php/Index/index/
INFO: [ app_init ] --START--
INFO: Run Behavior\BuildLiteBehavior [ RunTime:0.000025s ]
INFO: [ app_init ] --END-- [ RunTime:0.000548s ]

[ 2017-01-08T23:02:47+08:00 ] ::1 /AS_Education/index.php/Course/course/
INFO: [ app_init ] --START--
INFO: Run Behavior\BuildLiteBehavior [ RunTime:0.000022s ]
INFO: [ app_init ] --END-- [ RunTime:0.000375s ]

[ 2017-01-08T23:02:48+08:00 ] ::1 /AS_Education/index.php/Article/articleList/
INFO: [ app_init ] --START--
INFO: Run Behavior\BuildLiteBehavior [ RunTime:0.000024s ]
INFO: [ app_init ] --END-- [ RunTime:0.000388s ]

[ 2017-01-08T23:04:35+08:00 ] ::1 /AS_Education/index.php/Article/articleList/
INFO: [ app_init ] --START--
INFO: Run Behavior\BuildLiteBehavior [ RunTime:0.000022s ]
INFO: [ app_init ] --END-- [ RunTime:0.000384s ]

[ 2017-01-08T23:06:22+08:00 ] ::1 /AS_Education/index.php/Article/articleList/
INFO: [ app_init ] --START--
INFO: Run Behavior\BuildLiteBehavior [ RunTime:0.000022s ]
INFO: [ app_init ] --END-- [ RunTime:0.000388s ]

[ 2017-01-08T23:06:24+08:00 ] ::1 /AS_Education/index.php/Index/index/
INFO: [ app_init ] --START--
INFO: Run Behavior\BuildLiteBehavior [ RunTime:0.000027s ]
INFO: [ app_init ] --END-- [ RunTime:0.000423s ]

[ 2017-01-08T23:06:25+08:00 ] ::1 /AS_Education/index.php/Course/course/
INFO: [ app_init ] --START--
INFO: Run Behavior\BuildLiteBehavior [ RunTime:0.000024s ]
INFO: [ app_init ] --END-- [ RunTime:0.000403s ]

[ 2017-01-08T23:06:25+08:00 ] ::1 /AS_Education/index.php/Article/articleList/
INFO: [ app_init ] --START--
INFO: Run Behavior\BuildLiteBehavior [ RunTime:0.000025s ]
INFO: [ app_init ] --END-- [ RunTime:0.000406s ]

[ 2017-01-08T23:06:26+08:00 ] ::1 /AS_Education/index.php/Community/community/
INFO: [ app_init ] --START--
INFO: Run Behavior\BuildLiteBehavior [ RunTime:0.000022s ]
INFO: [ app_init ] --END-- [ RunTime:0.000376s ]

[ 2017-01-08T23:06:27+08:00 ] ::1 /AS_Education/index.php/Article/articleList/
INFO: [ app_init ] --START--
INFO: Run Behavior\BuildLiteBehavior [ RunTime:0.000097s ]
INFO: [ app_init ] --END-- [ RunTime:0.000698s ]

[ 2017-01-08T23:11:27+08:00 ] ::1 /AS_Education/index.php/Article/articleList/
INFO: [ app_init ] --START--
INFO: Run Behavior\BuildLiteBehavior [ RunTime:0.000024s ]
INFO: [ app_init ] --END-- [ RunTime:0.000396s ]

[ 2017-01-08T23:12:53+08:00 ] ::1 /AS_Education/index.php/Article/articleList/
INFO: [ app_init ] --START--
INFO: Run Behavior\BuildLiteBehavior [ RunTime:0.000024s ]
INFO: [ app_init ] --END-- [ RunTime:0.000397s ]

[ 2017-01-08T23:13:16+08:00 ] ::1 /AS_Education/index.php/Article/articleList/
INFO: [ app_init ] --START--
INFO: Run Behavior\BuildLiteBehavior [ RunTime:0.000023s ]
INFO: [ app_init ] --END-- [ RunTime:0.000364s ]

[ 2017-01-08T23:13:26+08:00 ] ::1 /AS_Education/index.php/Article/articleList/
INFO: [ app_init ] --START--
INFO: Run Behavior\BuildLiteBehavior [ RunTime:0.000026s ]
INFO: [ app_init ] --END-- [ RunTime:0.000394s ]

[ 2017-01-08T23:14:18+08:00 ] ::1 /AS_Education/index.php/Article/articleList/
INFO: [ app_init ] --START--
INFO: Run Behavior\BuildLiteBehavior [ RunTime:0.000023s ]
INFO: [ app_init ] --END-- [ RunTime:0.000403s ]

[ 2017-01-08T23:14:30+08:00 ] ::1 /AS_Education/index.php/Article/articleList/
INFO: [ app_init ] --START--
INFO: Run Behavior\BuildLiteBehavior [ RunTime:0.000026s ]
INFO: [ app_init ] --END-- [ RunTime:0.000406s ]

[ 2017-01-08T23:16:15+08:00 ] ::1 /AS_Education/index.php/Article/articleList/
INFO: [ app_init ] --START--
INFO: Run Behavior\BuildLiteBehavior [ RunTime:0.000023s ]
INFO: [ app_init ] --END-- [ RunTime:0.000374s ]

[ 2017-01-08T23:16:41+08:00 ] ::1 /AS_Education/index.php/Article/articleList/
INFO: [ app_init ] --START--
INFO: Run Behavior\BuildLiteBehavior [ RunTime:0.000029s ]
INFO: [ app_init ] --END-- [ RunTime:0.000413s ]

[ 2017-01-08T23:16:47+08:00 ] ::1 /AS_Education/index.php/Artis_formcle/articleList/do/search.html?keyword=%E8%AF%B7%E8%BE%93%E5%85%A5%E5%85%B3%E9%94%AE%E5%AD%97&submit=
INFO: [ app_init ] --START--
INFO: Run Behavior\BuildLiteBehavior [ RunTime:0.000029s ]
INFO: [ app_init ] --END-- [ RunTime:0.000425s ]
ERR: :Artis_formcle

[ 2017-01-08T23:17:19+08:00 ] ::1 /AS_Education/index.php/Index/index/
INFO: [ app_init ] --START--
INFO: Run Behavior\BuildLiteBehavior [ RunTime:0.000024s ]
INFO: [ app_init ] --END-- [ RunTime:0.000369s ]

[ 2017-01-08T23:17:19+08:00 ] ::1 /AS_Education/Public/css/__PUBLIC__/images/icon-search.png
INFO: [ app_init ] --START--
INFO: Run Behavior\BuildLiteBehavior [ RunTime:0.000025s ]
INFO: [ app_init ] --END-- [ RunTime:0.000390s ]

[ 2017-01-08T23:17:21+08:00 ] ::1 /AS_Education/index.php/Article/articleList/
INFO: [ app_init ] --START--
INFO: Run Behavior\BuildLiteBehavior [ RunTime:0.000022s ]
INFO: [ app_init ] --END-- [ RunTime:0.000376s ]

[ 2017-01-08T23:17:28+08:00 ] ::1 /AS_Education/index.php/Index/index/
INFO: [ app_init ] --START--
INFO: Run Behavior\BuildLiteBehavior [ RunTime:0.000024s ]
INFO: [ app_init ] --END-- [ RunTime:0.000395s ]

[ 2017-01-08T23:18:09+08:00 ] ::1 /AS_Education/index.php/Index/index/
INFO: [ app_init ] --START--
INFO: Run Behavior\BuildLiteBehavior [ RunTime:0.000023s ]
INFO: [ app_init ] --END-- [ RunTime:0.000402s ]

[ 2017-01-08T23:18:14+08:00 ] ::1 /AS_Education/index.php/Article/articleList/
INFO: [ app_init ] --START--
INFO: Run Behavior\BuildLiteBehavior [ RunTime:0.000025s ]
INFO: [ app_init ] --END-- [ RunTime:0.000522s ]

[ 2017-01-08T23:18:38+08:00 ] ::1 /AS_Education/index.php/Article/articleList/
INFO: [ app_init ] --START--
INFO: Run Behavior\BuildLiteBehavior [ RunTime:0.000024s ]
INFO: [ app_init ] --END-- [ RunTime:0.000415s ]

[ 2017-01-08T23:19:01+08:00 ] ::1 /AS_Education/index.php/Article/articleList/
INFO: [ app_init ] --START--
INFO: Run Behavior\BuildLiteBehavior [ RunTime:0.000026s ]
INFO: [ app_init ] --END-- [ RunTime:0.000453s ]

[ 2017-01-08T23:20:58+08:00 ] ::1 /AS_Education/index.php/Article/articleList/
INFO: [ app_init ] --START--
INFO: Run Behavior\BuildLiteBehavior [ RunTime:0.000022s ]
INFO: [ app_init ] --END-- [ RunTime:0.000381s ]

[ 2017-01-08T23:20:58+08:00 ] ::1 /AS_Education/Public/css/__PUBLIC__/images/icon-search.png
INFO: [ app_init ] --START--
INFO: Run Behavior\BuildLiteBehavior [ RunTime:0.000043s ]
INFO: [ app_init ] --END-- [ RunTime:0.000750s ]

[ 2017-01-08T23:21:03+08:00 ] ::1 /AS_Education/index.php/Artis_formcle/articleList/do/search.html?keyword=&submit=
INFO: [ app_init ] --START--
INFO: Run Behavior\BuildLiteBehavior [ RunTime:0.000024s ]
INFO: [ app_init ] --END-- [ RunTime:0.000401s ]
ERR: :Artis_formcle

[ 2017-01-08T23:21:24+08:00 ] ::1 /AS_Education/index.php/Article/articleList/
INFO: [ app_init ] --START--
INFO: Run Behavior\BuildLiteBehavior [ RunTime:0.000023s ]
INFO: [ app_init ] --END-- [ RunTime:0.000425s ]

[ 2017-01-08T23:21:24+08:00 ] ::1 /AS_Education/Public/css/__PUBLIC__/images/icon-search.png
INFO: [ app_init ] --START--
INFO: Run Behavior\BuildLiteBehavior [ RunTime:0.000047s ]
INFO: [ app_init ] --END-- [ RunTime:0.000805s ]

[ 2017-01-08T23:21:56+08:00 ] ::1 /AS_Education/index.php/Article/articleList/
INFO: [ app_init ] --START--
INFO: Run Behavior\BuildLiteBehavior [ RunTime:0.000022s ]
INFO: [ app_init ] --END-- [ RunTime:0.000365s ]

[ 2017-01-08T23:21:56+08:00 ] ::1 /AS_Education/Public/css/__APP__/images/icon-search.png
INFO: [ app_init ] --START--
INFO: Run Behavior\BuildLiteBehavior [ RunTime:0.000045s ]
INFO: [ app_init ] --END-- [ RunTime:0.000814s ]

[ 2017-01-08T23:22:38+08:00 ] ::1 /AS_Education/index.php/Article/articleList/
INFO: [ app_init ] --START--
INFO: Run Behavior\BuildLiteBehavior [ RunTime:0.000029s ]
INFO: [ app_init ] --END-- [ RunTime:0.000426s ]

[ 2017-01-08T23:22:38+08:00 ] ::1 /AS_Education/Public/css/__APP__/images/icon-search.png
INFO: [ app_init ] --START--
INFO: Run Behavior\BuildLiteBehavior [ RunTime:0.000055s ]
INFO: [ app_init ] --END-- [ RunTime:0.001016s ]

[ 2017-01-08T23:22:41+08:00 ] ::1 /AS_Education/index.php/Artis_formcle/articleList/do/search.html?keyword=&submit=
INFO: [ app_init ] --START--
INFO: Run Behavior\BuildLiteBehavior [ RunTime:0.000037s ]
INFO: [ app_init ] --END-- [ RunTime:0.000452s ]
ERR: :Artis_formcle

[ 2017-01-08T23:23:17+08:00 ] ::1 /AS_Education/index.php/Article/articleList/
INFO: [ app_init ] --START--
INFO: Run Behavior\BuildLiteBehavior [ RunTime:0.000023s ]
INFO: [ app_init ] --END-- [ RunTime:0.000452s ]

[ 2017-01-08T23:23:17+08:00 ] ::1 /AS_Education/Public/css/__APP__/images/icon-search.png
INFO: [ app_init ] --START--
INFO: Run Behavior\BuildLiteBehavior [ RunTime:0.000056s ]
INFO: [ app_init ] --END-- [ RunTime:0.000873s ]

[ 2017-01-08T23:24:42+08:00 ] ::1 /AS_Education/index.php/Article/articleList/
INFO: [ app_init ] --START--
INFO: Run Behavior\BuildLiteBehavior [ RunTime:0.000024s ]
INFO: [ app_init ] --END-- [ RunTime:0.000384s ]

[ 2017-01-08T23:24:42+08:00 ] ::1 /AS_Education/Public/css/__PUBLIC__/images/icon-search.png
INFO: [ app_init ] --START--
INFO: Run Behavior\BuildLiteBehavior [ RunTime:0.000047s ]
INFO: [ app_init ] --END-- [ RunTime:0.000897s ]

[ 2017-01-08T23:25:44+08:00 ] ::1 /AS_Education/index.php/Article/articleList/
INFO: [ app_init ] --START--
INFO: Run Behavior\BuildLiteBehavior [ RunTime:0.000024s ]
INFO: [ app_init ] --END-- [ RunTime:0.000395s ]

[ 2017-01-08T23:25:44+08:00 ] ::1 /AS_Education/Public/css/__PUBLIC__/images/icon-search.png
INFO: [ app_init ] --START--
INFO: Run Behavior\BuildLiteBehavior [ RunTime:0.000052s ]
INFO: [ app_init ] --END-- [ RunTime:0.000825s ]

[ 2017-01-08T23:26:26+08:00 ] ::1 /AS_Education/index.php/Article/articleList/
INFO: [ app_init ] --START--
INFO: Run Behavior\BuildLiteBehavior [ RunTime:0.000023s ]
INFO: [ app_init ] --END-- [ RunTime:0.000394s ]

[ 2017-01-08T23:26:50+08:00 ] ::1 /AS_Education/index.php/Article/articleList/
INFO: [ app_init ] --START--
INFO: Run Behavior\BuildLiteBehavior [ RunTime:0.000022s ]
INFO: [ app_init ] --END-- [ RunTime:0.000391s ]

[ 2017-01-08T23:27:21+08:00 ] ::1 /AS_Education/index.php/Article/articleList/
INFO: [ app_init ] --START--
INFO: Run Behavior\BuildLiteBehavior [ RunTime:0.000023s ]
INFO: [ app_init ] --END-- [ RunTime:0.000366s ]

[ 2017-01-08T23:35:40+08:00 ] ::1 /AS_Education/index.php/Artis_formcle/articleList/do/search.html?keyword=%E4%BD%A0&submit=%E6%90%9C%E7%B4%A2
INFO: [ app_init ] --START--
INFO: Run Behavior\BuildLiteBehavior [ RunTime:0.000027s ]
INFO: [ app_init ] --END-- [ RunTime:0.000492s ]
ERR: :Artis_formcle

[ 2017-01-08T23:38:07+08:00 ] ::1 /AS_Education/index.php/Article/articleList/
INFO: [ app_init ] --START--
INFO: Run Behavior\BuildLiteBehavior [ RunTime:0.000024s ]
INFO: [ app_init ] --END-- [ RunTime:0.000406s ]

[ 2017-01-08T23:39:36+08:00 ] ::1 /AS_Education/index.php/
INFO: [ app_init ] --START--
INFO: Run Behavior\BuildLiteBehavior [ RunTime:0.000040s ]
INFO: [ app_init ] --END-- [ RunTime:0.000661s ]

[ 2017-01-08T23:39:38+08:00 ] ::1 /AS_Education/index.php/Index/index/
INFO: [ app_init ] --START--
INFO: Run Behavior\BuildLiteBehavior [ RunTime:0.000024s ]
INFO: [ app_init ] --END-- [ RunTime:0.000389s ]

[ 2017-01-08T23:39:39+08:00 ] ::1 /AS_Education/index.php/Article/articleList/
INFO: [ app_init ] --START--
INFO: Run Behavior\BuildLiteBehavior [ RunTime:0.000036s ]
INFO: [ app_init ] --END-- [ RunTime:0.000476s ]

[ 2017-01-08T23:41:10+08:00 ] ::1 /AS_Education/index.php/Article/articleList/
INFO: [ app_init ] --START--
INFO: Run Behavior\BuildLiteBehavior [ RunTime:0.000023s ]
INFO: [ app_init ] --END-- [ RunTime:0.000360s ]

[ 2017-01-08T23:41:15+08:00 ] ::1 /AS_Education/index.php/Article/articleDetail/id/1
INFO: [ app_init ] --START--
INFO: Run Behavior\BuildLiteBehavior [ RunTime:0.000023s ]
INFO: [ app_init ] --END-- [ RunTime:0.000394s ]

[ 2017-01-08T23:41:26+08:00 ] ::1 /AS_Education/index.php/Index/index/
INFO: [ app_init ] --START--
INFO: Run Behavior\BuildLiteBehavior [ RunTime:0.000022s ]
INFO: [ app_init ] --END-- [ RunTime:0.000389s ]

[ 2017-01-08T23:41:27+08:00 ] ::1 /AS_Education/index.php/Article/articleList/
INFO: [ app_init ] --START--
INFO: Run Behavior\BuildLiteBehavior [ RunTime:0.000023s ]
INFO: [ app_init ] --END-- [ RunTime:0.000398s ]

[ 2017-01-08T23:41:48+08:00 ] ::1 /AS_Education/index.php/Index/index/
INFO: [ app_init ] --START--
INFO: Run Behavior\BuildLiteBehavior [ RunTime:0.000022s ]
INFO: [ app_init ] --END-- [ RunTime:0.000399s ]

[ 2017-01-08T23:41:49+08:00 ] ::1 /AS_Education/index.php/Article/articleList/
INFO: [ app_init ] --START--
INFO: Run Behavior\BuildLiteBehavior [ RunTime:0.000039s ]
INFO: [ app_init ] --END-- [ RunTime:0.000643s ]

[ 2017-01-08T23:43:08+08:00 ] ::1 /AS_Education/index.php/Index/index/
INFO: [ app_init ] --START--
INFO: Run Behavior\BuildLiteBehavior [ RunTime:0.000026s ]
INFO: [ app_init ] --END-- [ RunTime:0.000456s ]

[ 2017-01-08T23:43:08+08:00 ] ::1 /AS_Education/index.php/Course/course/
INFO: [ app_init ] --START--
INFO: Run Behavior\BuildLiteBehavior [ RunTime:0.000023s ]
INFO: [ app_init ] --END-- [ RunTime:0.000357s ]

[ 2017-01-08T23:43:09+08:00 ] ::1 /AS_Education/index.php/Article/articleList/
INFO: [ app_init ] --START--
INFO: Run Behavior\BuildLiteBehavior [ RunTime:0.000022s ]
INFO: [ app_init ] --END-- [ RunTime:0.000366s ]

[ 2017-01-08T23:43:09+08:00 ] ::1 /AS_Education/index.php/Community/community/
INFO: [ app_init ] --START--
INFO: Run Behavior\BuildLiteBehavior [ RunTime:0.000022s ]
INFO: [ app_init ] --END-- [ RunTime:0.000362s ]

[ 2017-01-08T23:43:10+08:00 ] ::1 /AS_Education/index.php/Index/index/
INFO: [ app_init ] --START--
INFO: Run Behavior\BuildLiteBehavior [ RunTime:0.000022s ]
INFO: [ app_init ] --END-- [ RunTime:0.000385s ]

[ 2017-01-08T23:43:15+08:00 ] ::1 /AS_Education/index.php/Community/community/
INFO: [ app_init ] --START--
INFO: Run Behavior\BuildLiteBehavior [ RunTime:0.000023s ]
INFO: [ app_init ] --END-- [ RunTime:0.000358s ]

[ 2017-01-08T23:43:40+08:00 ] ::1 /AS_Education/index.php/Index/index/
INFO: [ app_init ] --START--
INFO: Run Behavior\BuildLiteBehavior [ RunTime:0.000022s ]
INFO: [ app_init ] --END-- [ RunTime:0.000356s ]

[ 2017-01-08T23:43:42+08:00 ] ::1 /AS_Education/index.php/Article/articleList/
INFO: [ app_init ] --START--
INFO: Run Behavior\BuildLiteBehavior [ RunTime:0.000023s ]
INFO: [ app_init ] --END-- [ RunTime:0.000368s ]

[ 2017-01-08T23:43:45+08:00 ] ::1 /AS_Education/index.php/Index/index/
INFO: [ app_init ] --START--
INFO: Run Behavior\BuildLiteBehavior [ RunTime:0.000022s ]
INFO: [ app_init ] --END-- [ RunTime:0.000387s ]

[ 2017-01-08T23:43:45+08:00 ] ::1 /AS_Education/index.php/Article/articleList/
INFO: [ app_init ] --START--
INFO: Run Behavior\BuildLiteBehavior [ RunTime:0.000028s ]
INFO: [ app_init ] --END-- [ RunTime:0.000512s ]

[ 2017-01-08T23:43:51+08:00 ] ::1 /AS_Education/index.php/Index/index/
INFO: [ app_init ] --START--
INFO: Run Behavior\BuildLiteBehavior [ RunTime:0.000023s ]
INFO: [ app_init ] --END-- [ RunTime:0.000359s ]

[ 2017-01-08T23:43:52+08:00 ] ::1 /AS_Education/index.php/Article/articleList/
INFO: [ app_init ] --START--
INFO: Run Behavior\BuildLiteBehavior [ RunTime:0.000023s ]
INFO: [ app_init ] --END-- [ RunTime:0.000361s ]

[ 2017-01-08T23:44:39+08:00 ] ::1 /AS_Education/index.php/Article/articleList/
INFO: [ app_init ] --START--
INFO: Run Behavior\BuildLiteBehavior [ RunTime:0.000039s ]
INFO: [ app_init ] --END-- [ RunTime:0.000574s ]

[ 2017-01-08T23:45:04+08:00 ] ::1 /AS_Education/index.php/Article/articleList/
INFO: [ app_init ] --START--
INFO: Run Behavior\BuildLiteBehavior [ RunTime:0.000023s ]
INFO: [ app_init ] --END-- [ RunTime:0.000427s ]

[ 2017-01-08T23:45:26+08:00 ] ::1 /AS_Education/index.php/Article/articleList/
INFO: [ app_init ] --START--
INFO: Run Behavior\BuildLiteBehavior [ RunTime:0.000023s ]
INFO: [ app_init ] --END-- [ RunTime:0.000401s ]

[ 2017-01-08T23:45:44+08:00 ] ::1 /AS_Education/index.php/Index/index/
INFO: [ app_init ] --START--
INFO: Run Behavior\BuildLiteBehavior [ RunTime:0.000038s ]
INFO: [ app_init ] --END-- [ RunTime:0.000633s ]

[ 2017-01-08T23:45:44+08:00 ] ::1 /AS_Education/index.php/Article/articleList/
INFO: [ app_init ] --START--
INFO: Run Behavior\BuildLiteBehavior [ RunTime:0.000023s ]
INFO: [ app_init ] --END-- [ RunTime:0.000379s ]

[ 2017-01-08T23:45:45+08:00 ] ::1 /AS_Education/index.php/Community/community/
INFO: [ app_init ] --START--
INFO: Run Behavior\BuildLiteBehavior [ RunTime:0.000022s ]
INFO: [ app_init ] --END-- [ RunTime:0.000405s ]

[ 2017-01-08T23:45:46+08:00 ] ::1 /AS_Education/index.php/Article/articleList/
INFO: [ app_init ] --START--
INFO: Run Behavior\BuildLiteBehavior [ RunTime:0.000023s ]
INFO: [ app_init ] --END-- [ RunTime:0.000397s ]

[ 2017-01-08T23:45:46+08:00 ] ::1 /AS_Education/index.php/Course/course/
INFO: [ app_init ] --START--
INFO: Run Behavior\BuildLiteBehavior [ RunTime:0.000022s ]
INFO: [ app_init ] --END-- [ RunTime:0.000385s ]

[ 2017-01-08T23:45:47+08:00 ] ::1 /AS_Education/index.php/Index/index/
INFO: [ app_init ] --START--
INFO: Run Behavior\BuildLiteBehavior [ RunTime:0.000026s ]
INFO: [ app_init ] --END-- [ RunTime:0.000429s ]

[ 2017-01-08T23:45:47+08:00 ] ::1 /AS_Education/index.php/Article/articleList/
INFO: [ app_init ] --START--
INFO: Run Behavior\BuildLiteBehavior [ RunTime:0.000022s ]
INFO: [ app_init ] --END-- [ RunTime:0.000432s ]

[ 2017-01-08T23:45:48+08:00 ] ::1 /AS_Education/index.php/Course/course/
INFO: [ app_init ] --START--
INFO: Run Behavior\BuildLiteBehavior [ RunTime:0.000023s ]
INFO: [ app_init ] --END-- [ RunTime:0.000422s ]

[ 2017-01-08T23:45:49+08:00 ] ::1 /AS_Education/index.php/Article/articleList/
INFO: [ app_init ] --START--
INFO: Run Behavior\BuildLiteBehavior [ RunTime:0.000027s ]
INFO: [ app_init ] --END-- [ RunTime:0.000434s ]

[ 2017-01-08T23:45:49+08:00 ] ::1 /AS_Education/index.php/Community/community/
INFO: [ app_init ] --START--
INFO: Run Behavior\BuildLiteBehavior [ RunTime:0.000022s ]
INFO: [ app_init ] --END-- [ RunTime:0.000395s ]

[ 2017-01-08T23:45:50+08:00 ] ::1 /AS_Education/index.php/Course/course/
INFO: [ app_init ] --START--
INFO: Run Behavior\BuildLiteBehavior [ RunTime:0.000022s ]
INFO: [ app_init ] --END-- [ RunTime:0.000417s ]

[ 2017-01-08T23:45:51+08:00 ] ::1 /AS_Education/index.php/Community/community/
INFO: [ app_init ] --START--
INFO: Run Behavior\BuildLiteBehavior [ RunTime:0.000024s ]
INFO: [ app_init ] --END-- [ RunTime:0.000418s ]

[ 2017-01-08T23:48:01+08:00 ] ::1 /AS_Education/index.php/Article/articleList/
INFO: [ app_init ] --START--
INFO: Run Behavior\BuildLiteBehavior [ RunTime:0.000024s ]
INFO: [ app_init ] --END-- [ RunTime:0.000409s ]

[ 2017-01-08T23:48:02+08:00 ] ::1 /AS_Education/index.php/Index/index/
INFO: [ app_init ] --START--
INFO: Run Behavior\BuildLiteBehavior [ RunTime:0.000033s ]
INFO: [ app_init ] --END-- [ RunTime:0.000651s ]

[ 2017-01-08T23:48:03+08:00 ] ::1 /AS_Education/index.php/Community/community/
INFO: [ app_init ] --START--
INFO: Run Behavior\BuildLiteBehavior [ RunTime:0.000025s ]
INFO: [ app_init ] --END-- [ RunTime:0.000490s ]

[ 2017-01-08T23:48:13+08:00 ] ::1 /AS_Education/index.php/Article/articleList/
INFO: [ app_init ] --START--
INFO: Run Behavior\BuildLiteBehavior [ RunTime:0.000026s ]
INFO: [ app_init ] --END-- [ RunTime:0.000450s ]

[ 2017-01-08T23:48:14+08:00 ] ::1 /AS_Education/index.php/Community/community/
INFO: [ app_init ] --START--
INFO: Run Behavior\BuildLiteBehavior [ RunTime:0.000038s ]
INFO: [ app_init ] --END-- [ RunTime:0.000670s ]

