[ 2017-01-04T14:30:31+08:00 ] ::1 /thinkphp_3.2.3_full/index.php/Admin/article/add
INFO: [ app_init ] --START--
INFO: Run Behavior\BuildLiteBehavior [ RunTime:0.000030s ]
INFO: [ app_init ] --END-- [ RunTime:0.000599s ]
INFO: [ app_begin ] --START--
INFO: Run Behavior\ReadHtmlCacheBehavior [ RunTime:0.001014s ]
INFO: [ app_begin ] --END-- [ RunTime:0.001095s ]
INFO: [ view_parse ] --START--
INFO: [ template_filter ] --START--
INFO: Run Behavior\ContentReplaceBehavior [ RunTime:0.000050s ]
INFO: [ template_filter ] --END-- [ RunTime:0.000105s ]
INFO: Run Behavior\ParseTemplateBehavior [ RunTime:0.010213s ]
INFO: [ view_parse ] --END-- [ RunTime:0.010286s ]
INFO: [ view_filter ] --START--
INFO: Run Behavior\WriteHtmlCacheBehavior [ RunTime:0.000672s ]
INFO: [ view_filter ] --END-- [ RunTime:0.000712s ]
INFO: [ app_end ] --START--
INFO: Run Behavior\ShowPageTraceBehavior [ RunTime:0.000859s ]
INFO: [ app_end ] --END-- [ RunTime:0.000907s ]

[ 2017-01-04T14:32:59+08:00 ] ::1 /thinkphp_3.2.3_full/index.php/Admin/Article/add.html
INFO: [ app_init ] --START--
INFO: Run Behavior\BuildLiteBehavior [ RunTime:0.000015s ]
INFO: [ app_init ] --END-- [ RunTime:0.000644s ]
INFO: [ app_begin ] --START--
INFO: Run Behavior\ReadHtmlCacheBehavior [ RunTime:0.000828s ]
INFO: [ app_begin ] --END-- [ RunTime:0.000876s ]
INFO: [ view_parse ] --START--
INFO: [ template_filter ] --START--
INFO: Run Behavior\ContentReplaceBehavior [ RunTime:0.000051s ]
INFO: [ template_filter ] --END-- [ RunTime:0.000116s ]
INFO: Run Behavior\ParseTemplateBehavior [ RunTime:0.017458s ]
INFO: [ view_parse ] --END-- [ RunTime:0.017520s ]
INFO: [ view_filter ] --START--
INFO: Run Behavior\WriteHtmlCacheBehavior [ RunTime:0.001190s ]
INFO: [ view_filter ] --END-- [ RunTime:0.001235s ]
INFO: [ app_end ] --START--
INFO: Run Behavior\ShowPageTraceBehavior [ RunTime:0.000960s ]
INFO: [ app_end ] --END-- [ RunTime:0.001006s ]

[ 2017-01-04T16:14:53+08:00 ] ::1 /thinkphp_3.2.3_full/index.php/Admin/Article/add.html
INFO: [ app_init ] --START--
INFO: Run Behavior\BuildLiteBehavior [ RunTime:0.000012s ]
INFO: [ app_init ] --END-- [ RunTime:0.000502s ]
INFO: [ app_begin ] --START--
INFO: Run Behavior\ReadHtmlCacheBehavior [ RunTime:0.000867s ]
INFO: [ app_begin ] --END-- [ RunTime:0.000929s ]
INFO: [ view_parse ] --START--
INFO: [ template_filter ] --START--
INFO: Run Behavior\ContentReplaceBehavior [ RunTime:0.000050s ]
INFO: [ template_filter ] --END-- [ RunTime:0.000104s ]
INFO: Run Behavior\ParseTemplateBehavior [ RunTime:0.009287s ]
INFO: [ view_parse ] --END-- [ RunTime:0.009346s ]
INFO: [ view_filter ] --START--
INFO: Run Behavior\WriteHtmlCacheBehavior [ RunTime:0.000635s ]
INFO: [ view_filter ] --END-- [ RunTime:0.000684s ]
INFO: [ app_end ] --START--
INFO: Run Behavior\ShowPageTraceBehavior [ RunTime:0.000814s ]
INFO: [ app_end ] --END-- [ RunTime:0.000880s ]

[ 2017-01-04T16:19:00+08:00 ] ::1 /thinkphp_3.2.3_full/index.php/Admin/Article/add.html
INFO: [ app_init ] --START--
INFO: Run Behavior\BuildLiteBehavior [ RunTime:0.000015s ]
INFO: [ app_init ] --END-- [ RunTime:0.000601s ]
INFO: [ app_begin ] --START--
INFO: Run Behavior\ReadHtmlCacheBehavior [ RunTime:0.000983s ]
INFO: [ app_begin ] --END-- [ RunTime:0.001059s ]
INFO: [ view_parse ] --START--
INFO: [ template_filter ] --START--
INFO: Run Behavior\ContentReplaceBehavior [ RunTime:0.000067s ]
INFO: [ template_filter ] --END-- [ RunTime:0.000139s ]
INFO: Run Behavior\ParseTemplateBehavior [ RunTime:0.010670s ]
INFO: [ view_parse ] --END-- [ RunTime:0.010728s ]
INFO: [ view_filter ] --START--
INFO: Run Behavior\WriteHtmlCacheBehavior [ RunTime:0.000750s ]
INFO: [ view_filter ] --END-- [ RunTime:0.000789s ]
INFO: [ app_end ] --START--
INFO: Run Behavior\ShowPageTraceBehavior [ RunTime:0.000897s ]
INFO: [ app_end ] --END-- [ RunTime:0.000942s ]

[ 2017-01-04T16:19:28+08:00 ] ::1 /thinkphp_3.2.3_full/index.php/Admin/Article/add.html
INFO: [ app_init ] --START--
INFO: Run Behavior\BuildLiteBehavior [ RunTime:0.000014s ]
INFO: [ app_init ] --END-- [ RunTime:0.000566s ]
INFO: [ app_begin ] --START--
INFO: Run Behavior\ReadHtmlCacheBehavior [ RunTime:0.000832s ]
INFO: [ app_begin ] --END-- [ RunTime:0.000889s ]
INFO: [ view_parse ] --START--
INFO: [ template_filter ] --START--
INFO: Run Behavior\ContentReplaceBehavior [ RunTime:0.000050s ]
INFO: [ template_filter ] --END-- [ RunTime:0.000108s ]
INFO: Run Behavior\ParseTemplateBehavior [ RunTime:0.010106s ]
INFO: [ view_parse ] --END-- [ RunTime:0.010166s ]
INFO: [ view_filter ] --START--
INFO: Run Behavior\WriteHtmlCacheBehavior [ RunTime:0.000704s ]
INFO: [ view_filter ] --END-- [ RunTime:0.000741s ]
INFO: [ app_end ] --START--
INFO: Run Behavior\ShowPageTraceBehavior [ RunTime:0.000851s ]
INFO: [ app_end ] --END-- [ RunTime:0.000892s ]

[ 2017-01-04T16:20:26+08:00 ] ::1 /thinkphp_3.2.3_full/index.php/Admin/Article/add.html
INFO: [ app_init ] --START--
INFO: Run Behavior\BuildLiteBehavior [ RunTime:0.000013s ]
INFO: [ app_init ] --END-- [ RunTime:0.000493s ]
INFO: [ app_begin ] --START--
INFO: Run Behavior\ReadHtmlCacheBehavior [ RunTime:0.000983s ]
INFO: [ app_begin ] --END-- [ RunTime:0.001049s ]
INFO: [ view_parse ] --START--
INFO: [ template_filter ] --START--
INFO: Run Behavior\ContentReplaceBehavior [ RunTime:0.000075s ]
INFO: [ template_filter ] --END-- [ RunTime:0.000155s ]
INFO: Run Behavior\ParseTemplateBehavior [ RunTime:0.010339s ]
INFO: [ view_parse ] --END-- [ RunTime:0.010423s ]
INFO: [ view_filter ] --START--
INFO: Run Behavior\WriteHtmlCacheBehavior [ RunTime:0.000740s ]
INFO: [ view_filter ] --END-- [ RunTime:0.000786s ]
INFO: [ app_end ] --START--
INFO: Run Behavior\ShowPageTraceBehavior [ RunTime:0.000817s ]
INFO: [ app_end ] --END-- [ RunTime:0.000858s ]

[ 2017-01-04T16:22:29+08:00 ] ::1 /thinkphp_3.2.3_full/index.php/Admin/Article/edit/id/43.html
INFO: [ app_init ] --START--
INFO: Run Behavior\BuildLiteBehavior [ RunTime:0.000014s ]
INFO: [ app_init ] --END-- [ RunTime:0.000563s ]
INFO: [ app_begin ] --START--
INFO: Run Behavior\ReadHtmlCacheBehavior [ RunTime:0.000849s ]
INFO: [ app_begin ] --END-- [ RunTime:0.000917s ]
SQL: SHOW COLUMNS FROM `article` [ RunTime:0.0105s ]
SQL: SELECT * FROM `article` WHERE ( id=43 ) LIMIT 1   [ RunTime:0.0004s ]
INFO: [ view_parse ] --START--
INFO: [ template_filter ] --START--
INFO: Run Behavior\ContentReplaceBehavior [ RunTime:0.000053s ]
INFO: [ template_filter ] --END-- [ RunTime:0.000110s ]
INFO: Run Behavior\ParseTemplateBehavior [ RunTime:0.010503s ]
INFO: [ view_parse ] --END-- [ RunTime:0.010576s ]
INFO: [ view_filter ] --START--
INFO: Run Behavior\WriteHtmlCacheBehavior [ RunTime:0.000698s ]
INFO: [ view_filter ] --END-- [ RunTime:0.000738s ]
INFO: [ app_end ] --START--
INFO: Run Behavior\ShowPageTraceBehavior [ RunTime:0.000829s ]
INFO: [ app_end ] --END-- [ RunTime:0.000868s ]

[ 2017-01-04T16:22:52+08:00 ] ::1 /thinkphp_3.2.3_full/index.php/Admin/Article/edit/id/43.html
INFO: [ app_init ] --START--
INFO: Run Behavior\BuildLiteBehavior [ RunTime:0.000016s ]
INFO: [ app_init ] --END-- [ RunTime:0.000528s ]
INFO: [ app_begin ] --START--
INFO: Run Behavior\ReadHtmlCacheBehavior [ RunTime:0.000932s ]
INFO: [ app_begin ] --END-- [ RunTime:0.000994s ]
SQL: SHOW COLUMNS FROM `article` [ RunTime:0.0115s ]
SQL: SELECT * FROM `article` WHERE ( id=43 ) LIMIT 1   [ RunTime:0.0003s ]
INFO: [ view_parse ] --START--
INFO: [ template_filter ] --START--
INFO: Run Behavior\ContentReplaceBehavior [ RunTime:0.000075s ]
INFO: [ template_filter ] --END-- [ RunTime:0.000158s ]
INFO: Run Behavior\ParseTemplateBehavior [ RunTime:0.010052s ]
INFO: [ view_parse ] --END-- [ RunTime:0.010109s ]
INFO: [ view_filter ] --START--
INFO: Run Behavior\WriteHtmlCacheBehavior [ RunTime:0.000643s ]
INFO: [ view_filter ] --END-- [ RunTime:0.000691s ]
INFO: [ app_end ] --START--
INFO: Run Behavior\ShowPageTraceBehavior [ RunTime:0.000837s ]
INFO: [ app_end ] --END-- [ RunTime:0.000878s ]

